2018-09-11 02:23:24 Error: [PDOException] SQLSTATE[HY000] [2002] No connection could be made because the target machine actively refused it.
 in C:\xampp\htdocs\AdministradorAsistencias\vendor\cakephp\cakephp\src\Database\Driver.php on line 92
Stack Trace:
#0 C:\xampp\htdocs\AdministradorAsistencias\vendor\cakephp\cakephp\src\Database\Driver.php(92): PDO->__construct('mysql:host=loca...', 'my_app', 'secret', Array)
#1 C:\xampp\htdocs\AdministradorAsistencias\vendor\cakephp\cakephp\src\Database\Driver\Mysql.php(106): Cake\Database\Driver->_connect('mysql:host=loca...', Array)
#2 C:\xampp\htdocs\AdministradorAsistencias\vendor\cakephp\cakephp\src\Database\Schema\BaseSchema.php(45): Cake\Database\Driver\Mysql->connect()
#3 C:\xampp\htdocs\AdministradorAsistencias\vendor\cakephp\cakephp\src\Database\Dialect\MysqlDialectTrait.php(63): Cake\Database\Schema\BaseSchema->__construct(Object(Cake\Database\Driver\Mysql))
#4 C:\xampp\htdocs\AdministradorAsistencias\vendor\cakephp\cakephp\src\Database\Schema\Collection.php(52): Cake\Database\Driver\Mysql->schemaDialect()
#5 C:\xampp\htdocs\AdministradorAsistencias\vendor\cakephp\cakephp\src\Database\Schema\CachedCollection.php(42): Cake\Database\Schema\Collection->__construct(Object(Cake\Database\Connection))
#6 C:\xampp\htdocs\AdministradorAsistencias\vendor\cakephp\cakephp\src\Database\Connection.php(391): Cake\Database\Schema\CachedCollection->__construct(Object(Cake\Database\Connection), true)
#7 C:\xampp\htdocs\AdministradorAsistencias\vendor\cakephp\cakephp\src\ORM\Table.php(547): Cake\Database\Connection->getSchemaCollection()
#8 C:\xampp\htdocs\AdministradorAsistencias\vendor\cakephp\cakephp\src\ORM\Table.php(673): Cake\ORM\Table->getSchema()
#9 C:\xampp\htdocs\AdministradorAsistencias\vendor\cakephp\bake\src\Shell\Task\TemplateTask.php(288): Cake\ORM\Table->getPrimaryKey()
#10 C:\xampp\htdocs\AdministradorAsistencias\vendor\cakephp\bake\src\Shell\Task\TemplateTask.php(142): Bake\Shell\Task\TemplateTask->_loadController()
#11 C:\xampp\htdocs\AdministradorAsistencias\vendor\cakephp\cakephp\src\Console\Shell.php(532): Bake\Shell\Task\TemplateTask->main('Main')
#12 C:\xampp\htdocs\AdministradorAsistencias\vendor\cakephp\cakephp\src\Console\Shell.php(525): Cake\Console\Shell->runCommand(Array, false, Array)
#13 C:\xampp\htdocs\AdministradorAsistencias\vendor\cakephp\cakephp\src\Console\CommandRunner.php(342): Cake\Console\Shell->runCommand(Array, true)
#14 C:\xampp\htdocs\AdministradorAsistencias\vendor\cakephp\cakephp\src\Console\CommandRunner.php(164): Cake\Console\CommandRunner->runShell(Object(Bake\Shell\BakeShell), Array)
#15 C:\xampp\htdocs\AdministradorAsistencias\bin\cake.php(12): Cake\Console\CommandRunner->run(Array)
#16 {main}


2018-10-03 14:53:47 Error: [PDOException] SQLSTATE[HY000] [1045] Access denied for user 'my_app'@'localhost' (using password: YES) in C:\xampp\htdocs\ProyectoInge\vendor\cakephp\cakephp\src\Database\Driver.php on line 92
Stack Trace:
#0 C:\xampp\htdocs\ProyectoInge\vendor\cakephp\cakephp\src\Database\Driver.php(92): PDO->__construct('mysql:host=loca...', 'my_app', 'secret', Array)
#1 C:\xampp\htdocs\ProyectoInge\vendor\cakephp\cakephp\src\Database\Driver\Mysql.php(106): Cake\Database\Driver->_connect('mysql:host=loca...', Array)
#2 C:\xampp\htdocs\ProyectoInge\vendor\cakephp\cakephp\src\Database\Schema\BaseSchema.php(45): Cake\Database\Driver\Mysql->connect()
#3 C:\xampp\htdocs\ProyectoInge\vendor\cakephp\cakephp\src\Database\Dialect\MysqlDialectTrait.php(63): Cake\Database\Schema\BaseSchema->__construct(Object(Cake\Database\Driver\Mysql))
#4 C:\xampp\htdocs\ProyectoInge\vendor\cakephp\cakephp\src\Database\Schema\Collection.php(52): Cake\Database\Driver\Mysql->schemaDialect()
#5 C:\xampp\htdocs\ProyectoInge\vendor\cakephp\cakephp\src\Database\Schema\CachedCollection.php(42): Cake\Database\Schema\Collection->__construct(Object(Cake\Database\Connection))
#6 C:\xampp\htdocs\ProyectoInge\vendor\cakephp\cakephp\src\Database\Connection.php(391): Cake\Database\Schema\CachedCollection->__construct(Object(Cake\Database\Connection), true)
#7 C:\xampp\htdocs\ProyectoInge\vendor\cakephp\bake\src\Shell\Task\ModelTask.php(1049): Cake\Database\Connection->getSchemaCollection()
#8 C:\xampp\htdocs\ProyectoInge\vendor\cakephp\bake\src\Shell\Task\ModelTask.php(1003): Bake\Shell\Task\ModelTask->_getAllTables()
#9 C:\xampp\htdocs\ProyectoInge\vendor\cakephp\bake\src\Shell\Task\ModelTask.php(213): Bake\Shell\Task\ModelTask->listAll()
#10 C:\xampp\htdocs\ProyectoInge\vendor\cakephp\bake\src\Shell\Task\ModelTask.php(131): Bake\Shell\Task\ModelTask->getAssociations(Object(Cake\ORM\Table))
#11 C:\xampp\htdocs\ProyectoInge\vendor\cakephp\bake\src\Shell\Task\ModelTask.php(114): Bake\Shell\Task\ModelTask->getTableContext(Object(Cake\ORM\Table), 'rounds', 'Rounds')
#12 C:\xampp\htdocs\ProyectoInge\vendor\cakephp\bake\src\Shell\Task\ModelTask.php(101): Bake\Shell\Task\ModelTask->bake('Rounds')
#13 C:\xampp\htdocs\ProyectoInge\vendor\cakephp\cakephp\src\Console\Shell.php(532): Bake\Shell\Task\ModelTask->main('rounds')
#14 C:\xampp\htdocs\ProyectoInge\vendor\cakephp\cakephp\src\Console\Shell.php(525): Cake\Console\Shell->runCommand(Array, false, Array)
#15 C:\xampp\htdocs\ProyectoInge\vendor\cakephp\cakephp\src\Console\CommandRunner.php(342): Cake\Console\Shell->runCommand(Array, true)
#16 C:\xampp\htdocs\ProyectoInge\vendor\cakephp\cakephp\src\Console\CommandRunner.php(164): Cake\Console\CommandRunner->runShell(Object(Bake\Shell\BakeShell), Array)
#17 C:\xampp\htdocs\ProyectoInge\bin\cake.php(12): Cake\Console\CommandRunner->run(Array)
#18 {main}


2018-10-03 14:55:28 Error: [PDOException] SQLSTATE[HY000] [1045] Access denied for user 'esteban'@'localhost' (using password: YES) in C:\xampp\htdocs\ProyectoInge\vendor\cakephp\cakephp\src\Database\Driver.php on line 92
Stack Trace:
#0 C:\xampp\htdocs\ProyectoInge\vendor\cakephp\cakephp\src\Database\Driver.php(92): PDO->__construct('mysql:host=loca...', 'esteban', 'm2LijJruLnbbFkk...', Array)
#1 C:\xampp\htdocs\ProyectoInge\vendor\cakephp\cakephp\src\Database\Driver\Mysql.php(106): Cake\Database\Driver->_connect('mysql:host=loca...', Array)
#2 C:\xampp\htdocs\ProyectoInge\vendor\cakephp\cakephp\src\Database\Schema\BaseSchema.php(45): Cake\Database\Driver\Mysql->connect()
#3 C:\xampp\htdocs\ProyectoInge\vendor\cakephp\cakephp\src\Database\Dialect\MysqlDialectTrait.php(63): Cake\Database\Schema\BaseSchema->__construct(Object(Cake\Database\Driver\Mysql))
#4 C:\xampp\htdocs\ProyectoInge\vendor\cakephp\cakephp\src\Database\Schema\Collection.php(52): Cake\Database\Driver\Mysql->schemaDialect()
#5 C:\xampp\htdocs\ProyectoInge\vendor\cakephp\cakephp\src\Database\Schema\CachedCollection.php(42): Cake\Database\Schema\Collection->__construct(Object(Cake\Database\Connection))
#6 C:\xampp\htdocs\ProyectoInge\vendor\cakephp\cakephp\src\Database\Connection.php(391): Cake\Database\Schema\CachedCollection->__construct(Object(Cake\Database\Connection), true)
#7 C:\xampp\htdocs\ProyectoInge\vendor\cakephp\bake\src\Shell\Task\ModelTask.php(1049): Cake\Database\Connection->getSchemaCollection()
#8 C:\xampp\htdocs\ProyectoInge\vendor\cakephp\bake\src\Shell\Task\ModelTask.php(1003): Bake\Shell\Task\ModelTask->_getAllTables()
#9 C:\xampp\htdocs\ProyectoInge\vendor\cakephp\bake\src\Shell\Task\ModelTask.php(213): Bake\Shell\Task\ModelTask->listAll()
#10 C:\xampp\htdocs\ProyectoInge\vendor\cakephp\bake\src\Shell\Task\ModelTask.php(131): Bake\Shell\Task\ModelTask->getAssociations(Object(Cake\ORM\Table))
#11 C:\xampp\htdocs\ProyectoInge\vendor\cakephp\bake\src\Shell\Task\ModelTask.php(114): Bake\Shell\Task\ModelTask->getTableContext(Object(Cake\ORM\Table), 'rounds', 'Rounds')
#12 C:\xampp\htdocs\ProyectoInge\vendor\cakephp\bake\src\Shell\Task\ModelTask.php(101): Bake\Shell\Task\ModelTask->bake('Rounds')
#13 C:\xampp\htdocs\ProyectoInge\vendor\cakephp\cakephp\src\Console\Shell.php(532): Bake\Shell\Task\ModelTask->main('rounds')
#14 C:\xampp\htdocs\ProyectoInge\vendor\cakephp\cakephp\src\Console\Shell.php(525): Cake\Console\Shell->runCommand(Array, false, Array)
#15 C:\xampp\htdocs\ProyectoInge\vendor\cakephp\cakephp\src\Console\CommandRunner.php(342): Cake\Console\Shell->runCommand(Array, true)
#16 C:\xampp\htdocs\ProyectoInge\vendor\cakephp\cakephp\src\Console\CommandRunner.php(164): Cake\Console\CommandRunner->runShell(Object(Bake\Shell\BakeShell), Array)
#17 C:\xampp\htdocs\ProyectoInge\bin\cake.php(12): Cake\Console\CommandRunner->run(Array)
#18 {main}


2018-10-03 16:01:11 Error: [Cake\Database\Exception] SQLSTATE[HY000]: General error: 1356 View 'proyecto_inge.view_rounds' references invalid table(s) or column(s) or function(s) or definer/invoker of view lack rights to use them in C:\xampp\htdocs\ProyectoInge\vendor\cakephp\cakephp\src\Database\Schema\Collection.php on line 131
Stack Trace:
#0 C:\xampp\htdocs\ProyectoInge\vendor\cakephp\cakephp\src\Database\Schema\Collection.php(97): Cake\Database\Schema\Collection->_reflect('Column', 'view_rounds', Array, Object(Cake\Database\Schema\TableSchema))
#1 C:\xampp\htdocs\ProyectoInge\vendor\cakephp\cakephp\src\Database\Schema\CachedCollection.php(63): Cake\Database\Schema\Collection->describe('view_rounds', Array)
#2 C:\xampp\htdocs\ProyectoInge\vendor\cakephp\cakephp\src\ORM\Table.php(548): Cake\Database\Schema\CachedCollection->describe('view_rounds')
#3 C:\xampp\htdocs\ProyectoInge\vendor\cakephp\bake\src\Shell\Task\ModelTask.php(416): Cake\ORM\Table->getSchema()
#4 C:\xampp\htdocs\ProyectoInge\vendor\cakephp\bake\src\Shell\Task\ModelTask.php(232): Bake\Shell\Task\ModelTask->findHasMany(Object(Cake\ORM\Table), Array)
#5 C:\xampp\htdocs\ProyectoInge\vendor\cakephp\bake\src\Shell\Task\ModelTask.php(131): Bake\Shell\Task\ModelTask->getAssociations(Object(Cake\ORM\Table))
#6 C:\xampp\htdocs\ProyectoInge\vendor\cakephp\bake\src\Shell\Task\ModelTask.php(114): Bake\Shell\Task\ModelTask->getTableContext(Object(Cake\ORM\Table), 'courses', 'Courses')
#7 C:\xampp\htdocs\ProyectoInge\vendor\cakephp\bake\src\Shell\Task\ModelTask.php(101): Bake\Shell\Task\ModelTask->bake('Courses')
#8 C:\xampp\htdocs\ProyectoInge\vendor\cakephp\cakephp\src\Console\Shell.php(532): Bake\Shell\Task\ModelTask->main('Courses')
#9 C:\xampp\htdocs\ProyectoInge\vendor\cakephp\cakephp\src\Console\Shell.php(525): Cake\Console\Shell->runCommand(Array, false, Array)
#10 C:\xampp\htdocs\ProyectoInge\vendor\cakephp\cakephp\src\Console\CommandRunner.php(342): Cake\Console\Shell->runCommand(Array, true)
#11 C:\xampp\htdocs\ProyectoInge\vendor\cakephp\cakephp\src\Console\CommandRunner.php(164): Cake\Console\CommandRunner->runShell(Object(Bake\Shell\BakeShell), Array)
#12 C:\xampp\htdocs\ProyectoInge\bin\cake.php(12): Cake\Console\CommandRunner->run(Array)
#13 {main}


2018-10-03 16:07:17 Error: [Cake\Database\Exception] SQLSTATE[HY000]: General error: 1356 View 'proyecto_inge.view_rounds' references invalid table(s) or column(s) or function(s) or definer/invoker of view lack rights to use them in C:\xampp\htdocs\ProyectoInge\vendor\cakephp\cakephp\src\Database\Schema\Collection.php on line 131
Stack Trace:
#0 C:\xampp\htdocs\ProyectoInge\vendor\cakephp\cakephp\src\Database\Schema\Collection.php(97): Cake\Database\Schema\Collection->_reflect('Column', 'view_rounds', Array, Object(Cake\Database\Schema\TableSchema))
#1 C:\xampp\htdocs\ProyectoInge\vendor\cakephp\cakephp\src\Database\Schema\CachedCollection.php(63): Cake\Database\Schema\Collection->describe('view_rounds', Array)
#2 C:\xampp\htdocs\ProyectoInge\vendor\cakephp\cakephp\src\ORM\Table.php(548): Cake\Database\Schema\CachedCollection->describe('view_rounds')
#3 C:\xampp\htdocs\ProyectoInge\vendor\cakephp\bake\src\Shell\Task\ModelTask.php(416): Cake\ORM\Table->getSchema()
#4 C:\xampp\htdocs\ProyectoInge\vendor\cakephp\bake\src\Shell\Task\ModelTask.php(232): Bake\Shell\Task\ModelTask->findHasMany(Object(Cake\ORM\Table), Array)
#5 C:\xampp\htdocs\ProyectoInge\vendor\cakephp\bake\src\Shell\Task\ModelTask.php(131): Bake\Shell\Task\ModelTask->getAssociations(Object(Cake\ORM\Table))
#6 C:\xampp\htdocs\ProyectoInge\vendor\cakephp\bake\src\Shell\Task\ModelTask.php(114): Bake\Shell\Task\ModelTask->getTableContext(Object(Cake\ORM\Table), 'courses', 'Courses')
#7 C:\xampp\htdocs\ProyectoInge\vendor\cakephp\bake\src\Shell\Task\ModelTask.php(101): Bake\Shell\Task\ModelTask->bake('Courses')
#8 C:\xampp\htdocs\ProyectoInge\vendor\cakephp\cakephp\src\Console\Shell.php(532): Bake\Shell\Task\ModelTask->main('Courses')
#9 C:\xampp\htdocs\ProyectoInge\vendor\cakephp\cakephp\src\Console\Shell.php(525): Cake\Console\Shell->runCommand(Array, false, Array)
#10 C:\xampp\htdocs\ProyectoInge\vendor\cakephp\cakephp\src\Console\CommandRunner.php(342): Cake\Console\Shell->runCommand(Array, true)
#11 C:\xampp\htdocs\ProyectoInge\vendor\cakephp\cakephp\src\Console\CommandRunner.php(164): Cake\Console\CommandRunner->runShell(Object(Bake\Shell\BakeShell), Array)
#12 C:\xampp\htdocs\ProyectoInge\bin\cake.php(12): Cake\Console\CommandRunner->run(Array)
#13 {main}


2018-10-03 16:11:44 Error: [Cake\Database\Exception] SQLSTATE[HY000]: General error: 1356 View 'proyecto_inge.view_rounds' references invalid table(s) or column(s) or function(s) or definer/invoker of view lack rights to use them in C:\xampp\htdocs\ProyectoInge\vendor\cakephp\cakephp\src\Database\Schema\Collection.php on line 131
Stack Trace:
#0 C:\xampp\htdocs\ProyectoInge\vendor\cakephp\cakephp\src\Database\Schema\Collection.php(97): Cake\Database\Schema\Collection->_reflect('Column', 'view_rounds', Array, Object(Cake\Database\Schema\TableSchema))
#1 C:\xampp\htdocs\ProyectoInge\vendor\cakephp\cakephp\src\Database\Schema\CachedCollection.php(63): Cake\Database\Schema\Collection->describe('view_rounds', Array)
#2 C:\xampp\htdocs\ProyectoInge\vendor\cakephp\cakephp\src\ORM\Table.php(548): Cake\Database\Schema\CachedCollection->describe('view_rounds')
#3 C:\xampp\htdocs\ProyectoInge\vendor\cakephp\bake\src\Shell\Task\ModelTask.php(416): Cake\ORM\Table->getSchema()
#4 C:\xampp\htdocs\ProyectoInge\vendor\cakephp\bake\src\Shell\Task\ModelTask.php(232): Bake\Shell\Task\ModelTask->findHasMany(Object(Cake\ORM\Table), Array)
#5 C:\xampp\htdocs\ProyectoInge\vendor\cakephp\bake\src\Shell\Task\ModelTask.php(131): Bake\Shell\Task\ModelTask->getAssociations(Object(Cake\ORM\Table))
#6 C:\xampp\htdocs\ProyectoInge\vendor\cakephp\bake\src\Shell\Task\ModelTask.php(114): Bake\Shell\Task\ModelTask->getTableContext(Object(Cake\ORM\Table), 'courses', 'Courses')
#7 C:\xampp\htdocs\ProyectoInge\vendor\cakephp\bake\src\Shell\Task\ModelTask.php(101): Bake\Shell\Task\ModelTask->bake('Courses')
#8 C:\xampp\htdocs\ProyectoInge\vendor\cakephp\cakephp\src\Console\Shell.php(532): Bake\Shell\Task\ModelTask->main('Courses')
#9 C:\xampp\htdocs\ProyectoInge\vendor\cakephp\cakephp\src\Console\Shell.php(525): Cake\Console\Shell->runCommand(Array, false, Array)
#10 C:\xampp\htdocs\ProyectoInge\vendor\cakephp\cakephp\src\Console\CommandRunner.php(342): Cake\Console\Shell->runCommand(Array, true)
#11 C:\xampp\htdocs\ProyectoInge\vendor\cakephp\cakephp\src\Console\CommandRunner.php(164): Cake\Console\CommandRunner->runShell(Object(Bake\Shell\BakeShell), Array)
#12 C:\xampp\htdocs\ProyectoInge\bin\cake.php(12): Cake\Console\CommandRunner->run(Array)
#13 {main}


2018-10-03 16:13:05 Error: [Cake\Database\Exception] SQLSTATE[HY000]: General error: 1356 View 'proyecto_inge.view_rounds' references invalid table(s) or column(s) or function(s) or definer/invoker of view lack rights to use them in C:\xampp\htdocs\ProyectoInge\vendor\cakephp\cakephp\src\Database\Schema\Collection.php on line 131
Stack Trace:
#0 C:\xampp\htdocs\ProyectoInge\vendor\cakephp\cakephp\src\Database\Schema\Collection.php(97): Cake\Database\Schema\Collection->_reflect('Column', 'view_rounds', Array, Object(Cake\Database\Schema\TableSchema))
#1 C:\xampp\htdocs\ProyectoInge\vendor\cakephp\cakephp\src\Database\Schema\CachedCollection.php(63): Cake\Database\Schema\Collection->describe('view_rounds', Array)
#2 C:\xampp\htdocs\ProyectoInge\vendor\cakephp\cakephp\src\ORM\Table.php(548): Cake\Database\Schema\CachedCollection->describe('view_rounds')
#3 C:\xampp\htdocs\ProyectoInge\vendor\cakephp\bake\src\Shell\Task\ModelTask.php(416): Cake\ORM\Table->getSchema()
#4 C:\xampp\htdocs\ProyectoInge\vendor\cakephp\bake\src\Shell\Task\ModelTask.php(232): Bake\Shell\Task\ModelTask->findHasMany(Object(Cake\ORM\Table), Array)
#5 C:\xampp\htdocs\ProyectoInge\vendor\cakephp\bake\src\Shell\Task\ModelTask.php(131): Bake\Shell\Task\ModelTask->getAssociations(Object(Cake\ORM\Table))
#6 C:\xampp\htdocs\ProyectoInge\vendor\cakephp\bake\src\Shell\Task\ModelTask.php(114): Bake\Shell\Task\ModelTask->getTableContext(Object(Cake\ORM\Table), 'courses', 'Courses')
#7 C:\xampp\htdocs\ProyectoInge\vendor\cakephp\bake\src\Shell\Task\ModelTask.php(101): Bake\Shell\Task\ModelTask->bake('Courses')
#8 C:\xampp\htdocs\ProyectoInge\vendor\cakephp\cakephp\src\Console\Shell.php(532): Bake\Shell\Task\ModelTask->main('Courses')
#9 C:\xampp\htdocs\ProyectoInge\vendor\cakephp\cakephp\src\Console\Shell.php(525): Cake\Console\Shell->runCommand(Array, false, Array)
#10 C:\xampp\htdocs\ProyectoInge\vendor\cakephp\cakephp\src\Console\CommandRunner.php(342): Cake\Console\Shell->runCommand(Array, true)
#11 C:\xampp\htdocs\ProyectoInge\vendor\cakephp\cakephp\src\Console\CommandRunner.php(164): Cake\Console\CommandRunner->runShell(Object(Bake\Shell\BakeShell), Array)
#12 C:\xampp\htdocs\ProyectoInge\bin\cake.php(12): Cake\Console\CommandRunner->run(Array)
#13 {main}


2018-10-03 16:13:16 Error: [Cake\Database\Exception] SQLSTATE[HY000]: General error: 1356 View 'proyecto_inge.view_rounds' references invalid table(s) or column(s) or function(s) or definer/invoker of view lack rights to use them in C:\xampp\htdocs\ProyectoInge\vendor\cakephp\cakephp\src\Database\Schema\Collection.php on line 131
Stack Trace:
#0 C:\xampp\htdocs\ProyectoInge\vendor\cakephp\cakephp\src\Database\Schema\Collection.php(97): Cake\Database\Schema\Collection->_reflect('Column', 'view_rounds', Array, Object(Cake\Database\Schema\TableSchema))
#1 C:\xampp\htdocs\ProyectoInge\vendor\cakephp\cakephp\src\Database\Schema\CachedCollection.php(63): Cake\Database\Schema\Collection->describe('view_rounds', Array)
#2 C:\xampp\htdocs\ProyectoInge\vendor\cakephp\cakephp\src\ORM\Table.php(548): Cake\Database\Schema\CachedCollection->describe('view_rounds')
#3 C:\xampp\htdocs\ProyectoInge\vendor\cakephp\bake\src\Shell\Task\ModelTask.php(416): Cake\ORM\Table->getSchema()
#4 C:\xampp\htdocs\ProyectoInge\vendor\cakephp\bake\src\Shell\Task\ModelTask.php(232): Bake\Shell\Task\ModelTask->findHasMany(Object(Cake\ORM\Table), Array)
#5 C:\xampp\htdocs\ProyectoInge\vendor\cakephp\bake\src\Shell\Task\ModelTask.php(131): Bake\Shell\Task\ModelTask->getAssociations(Object(Cake\ORM\Table))
#6 C:\xampp\htdocs\ProyectoInge\vendor\cakephp\bake\src\Shell\Task\ModelTask.php(114): Bake\Shell\Task\ModelTask->getTableContext(Object(Cake\ORM\Table), 'courses', 'Courses')
#7 C:\xampp\htdocs\ProyectoInge\vendor\cakephp\bake\src\Shell\Task\ModelTask.php(101): Bake\Shell\Task\ModelTask->bake('Courses')
#8 C:\xampp\htdocs\ProyectoInge\vendor\cakephp\cakephp\src\Console\Shell.php(532): Bake\Shell\Task\ModelTask->main('Courses')
#9 C:\xampp\htdocs\ProyectoInge\vendor\cakephp\cakephp\src\Console\Shell.php(525): Cake\Console\Shell->runCommand(Array, false, Array)
#10 C:\xampp\htdocs\ProyectoInge\vendor\cakephp\cakephp\src\Console\CommandRunner.php(342): Cake\Console\Shell->runCommand(Array, true)
#11 C:\xampp\htdocs\ProyectoInge\vendor\cakephp\cakephp\src\Console\CommandRunner.php(164): Cake\Console\CommandRunner->runShell(Object(Bake\Shell\BakeShell), Array)
#12 C:\xampp\htdocs\ProyectoInge\bin\cake.php(12): Cake\Console\CommandRunner->run(Array)
#13 {main}


<<<<<<< HEAD
2018-10-03 16:24:05 Error: [ParseError] syntax error, unexpected 'Class' (T_CLASS), expecting identifier (T_STRING) in C:\xampp\htdocs\ProyectoInge\src\Model\Entity\Class.php on line 19
Stack Trace:
#0 C:\xampp\htdocs\ProyectoInge\vendor\composer\ClassLoader.php(322): Composer\Autoload\includeFile('C:\\xampp\\htdocs...')
#1 [internal function]: Composer\Autoload\ClassLoader->loadClass('App\\Model\\Entit...')
#2 [internal function]: spl_autoload_call('App\\Model\\Entit...')
#3 C:\xampp\htdocs\ProyectoInge\vendor\cakephp\bake\src\Shell\Task\TemplateTask.php(298): class_exists('App\\Model\\Entit...')
#4 C:\xampp\htdocs\ProyectoInge\vendor\cakephp\bake\src\Shell\Task\TemplateTask.php(142): Bake\Shell\Task\TemplateTask->_loadController()
#5 C:\xampp\htdocs\ProyectoInge\vendor\cakephp\cakephp\src\Console\Shell.php(532): Bake\Shell\Task\TemplateTask->main('Classes')
#6 C:\xampp\htdocs\ProyectoInge\vendor\cakephp\cakephp\src\Console\Shell.php(525): Cake\Console\Shell->runCommand(Array, false, Array)
#7 C:\xampp\htdocs\ProyectoInge\vendor\cakephp\cakephp\src\Console\CommandRunner.php(342): Cake\Console\Shell->runCommand(Array, true)
#8 C:\xampp\htdocs\ProyectoInge\vendor\cakephp\cakephp\src\Console\CommandRunner.php(164): Cake\Console\CommandRunner->runShell(Object(Bake\Shell\BakeShell), Array)
#9 C:\xampp\htdocs\ProyectoInge\bin\cake.php(12): Cake\Console\CommandRunner->run(Array)
#10 {main}


2018-10-03 16:29:53 Error: [ParseError] syntax error, unexpected 'Class' (T_CLASS), expecting identifier (T_STRING) in C:\xampp\htdocs\ProyectoInge\src\Model\Entity\Class.php on line 19
Stack Trace:
#0 C:\xampp\htdocs\ProyectoInge\vendor\composer\ClassLoader.php(322): Composer\Autoload\includeFile('C:\\xampp\\htdocs...')
#1 [internal function]: Composer\Autoload\ClassLoader->loadClass('App\\Model\\Entit...')
#2 [internal function]: spl_autoload_call('App\\Model\\Entit...')
#3 C:\xampp\htdocs\ProyectoInge\vendor\cakephp\bake\src\Shell\Task\TemplateTask.php(298): class_exists('App\\Model\\Entit...')
#4 C:\xampp\htdocs\ProyectoInge\vendor\cakephp\bake\src\Shell\Task\TemplateTask.php(142): Bake\Shell\Task\TemplateTask->_loadController()
#5 C:\xampp\htdocs\ProyectoInge\vendor\cakephp\cakephp\src\Console\Shell.php(532): Bake\Shell\Task\TemplateTask->main('Classes')
#6 C:\xampp\htdocs\ProyectoInge\vendor\cakephp\cakephp\src\Console\Shell.php(525): Cake\Console\Shell->runCommand(Array, false, Array)
#7 C:\xampp\htdocs\ProyectoInge\vendor\cakephp\cakephp\src\Console\CommandRunner.php(342): Cake\Console\Shell->runCommand(Array, true)
#8 C:\xampp\htdocs\ProyectoInge\vendor\cakephp\cakephp\src\Console\CommandRunner.php(164): Cake\Console\CommandRunner->runShell(Object(Bake\Shell\BakeShell), Array)
#9 C:\xampp\htdocs\ProyectoInge\bin\cake.php(12): Cake\Console\CommandRunner->run(Array)
#10 {main}


2018-10-03 16:30:33 Error: [ParseError] syntax error, unexpected 'Class' (T_CLASS), expecting identifier (T_STRING) in C:\xampp\htdocs\ProyectoInge\src\Model\Entity\Class.php on line 19
Stack Trace:
#0 C:\xampp\htdocs\ProyectoInge\vendor\composer\ClassLoader.php(322): Composer\Autoload\includeFile('C:\\xampp\\htdocs...')
#1 [internal function]: Composer\Autoload\ClassLoader->loadClass('App\\Model\\Entit...')
#2 [internal function]: spl_autoload_call('App\\Model\\Entit...')
#3 C:\xampp\htdocs\ProyectoInge\vendor\cakephp\bake\src\Shell\Task\TemplateTask.php(298): class_exists('App\\Model\\Entit...')
#4 C:\xampp\htdocs\ProyectoInge\vendor\cakephp\bake\src\Shell\Task\TemplateTask.php(142): Bake\Shell\Task\TemplateTask->_loadController()
#5 C:\xampp\htdocs\ProyectoInge\vendor\cakephp\cakephp\src\Console\Shell.php(532): Bake\Shell\Task\TemplateTask->main('Classes')
#6 C:\xampp\htdocs\ProyectoInge\vendor\cakephp\cakephp\src\Console\Shell.php(525): Cake\Console\Shell->runCommand(Array, false, Array)
#7 C:\xampp\htdocs\ProyectoInge\vendor\cakephp\cakephp\src\Console\CommandRunner.php(342): Cake\Console\Shell->runCommand(Array, true)
#8 C:\xampp\htdocs\ProyectoInge\vendor\cakephp\cakephp\src\Console\CommandRunner.php(164): Cake\Console\CommandRunner->runShell(Object(Bake\Shell\BakeShell), Array)
#9 C:\xampp\htdocs\ProyectoInge\bin\cake.php(12): Cake\Console\CommandRunner->run(Array)
#10 {main}


=======
>>>>>>> curso-grupo
