2018-10-07 00:36:53 Error: [Cake\Routing\Exception\MissingControllerException] Controller class Images could not be found.
Exception Attributes: array (
  'class' => 'Images',
  'plugin' => false,
  'prefix' => false,
  '_ext' => false,
)
Request URL: /images/sort_both.png
Referer URL: http://localhost/ProyectoInge/css/jquery.dataTables.min.css
Stack Trace:
#0 C:\xampp\htdocs\ProyectoInge\vendor\cakephp\cakephp\src\Http\ControllerFactory.php(39): Cake\Http\ControllerFactory->missingController(Object(Cake\Http\ServerRequest))
#1 C:\xampp\htdocs\ProyectoInge\vendor\cakephp\cakephp\src\Http\ActionDispatcher.php(91): Cake\Http\ControllerFactory->create(Object(Cake\Http\ServerRequest), Object(Cake\Http\Response))
#2 C:\xampp\htdocs\ProyectoInge\vendor\cakephp\cakephp\src\Http\BaseApplication.php(235): Cake\Http\ActionDispatcher->dispatch(Object(Cake\Http\ServerRequest), Object(Cake\Http\Response))
#3 C:\xampp\htdocs\ProyectoInge\vendor\cakephp\cakephp\src\Http\Runner.php(65): Cake\Http\BaseApplication->__invoke(Object(Cake\Http\ServerRequest), Object(Cake\Http\Response), Object(Cake\Http\Runner))
#4 C:\xampp\htdocs\ProyectoInge\vendor\cakephp\cakephp\src\Http\Middleware\CsrfProtectionMiddleware.php(107): Cake\Http\Runner->__invoke(Object(Cake\Http\ServerRequest), Object(Cake\Http\Response))
#5 C:\xampp\htdocs\ProyectoInge\vendor\cakephp\cakephp\src\Http\Runner.php(65): Cake\Http\Middleware\CsrfProtectionMiddleware->__invoke(Object(Cake\Http\ServerRequest), Object(Cake\Http\Response), Object(Cake\Http\Runner))
#6 C:\xampp\htdocs\ProyectoInge\vendor\cakephp\cakephp\src\Routing\Middleware\RoutingMiddleware.php(156): Cake\Http\Runner->__invoke(Object(Cake\Http\ServerRequest), Object(Cake\Http\Response))
#7 C:\xampp\htdocs\ProyectoInge\vendor\cakephp\cakephp\src\Http\Runner.php(65): Cake\Routing\Middleware\RoutingMiddleware->__invoke(Object(Cake\Http\ServerRequest), Object(Cake\Http\Response), Object(Cake\Http\Runner))
#8 C:\xampp\htdocs\ProyectoInge\vendor\cakephp\cakephp\src\Routing\Middleware\AssetMiddleware.php(97): Cake\Http\Runner->__invoke(Object(Cake\Http\ServerRequest), Object(Cake\Http\Response))
#9 C:\xampp\htdocs\ProyectoInge\vendor\cakephp\cakephp\src\Http\Runner.php(65): Cake\Routing\Middleware\AssetMiddleware->__invoke(Object(Cake\Http\ServerRequest), Object(Cake\Http\Response), Object(Cake\Http\Runner))
#10 C:\xampp\htdocs\ProyectoInge\vendor\cakephp\cakephp\src\Error\Middleware\ErrorHandlerMiddleware.php(98): Cake\Http\Runner->__invoke(Object(Cake\Http\ServerRequest), Object(Cake\Http\Response))
#11 C:\xampp\htdocs\ProyectoInge\vendor\cakephp\cakephp\src\Http\Runner.php(65): Cake\Error\Middleware\ErrorHandlerMiddleware->__invoke(Object(Cake\Http\ServerRequest), Object(Cake\Http\Response), Object(Cake\Http\Runner))
#12 C:\xampp\htdocs\ProyectoInge\vendor\cakephp\debug_kit\src\Middleware\DebugKitMiddleware.php(53): Cake\Http\Runner->__invoke(Object(Cake\Http\ServerRequest), Object(Cake\Http\Response))
#13 C:\xampp\htdocs\ProyectoInge\vendor\cakephp\cakephp\src\Http\Runner.php(65): DebugKit\Middleware\DebugKitMiddleware->__invoke(Object(Cake\Http\ServerRequest), Object(Cake\Http\Response), Object(Cake\Http\Runner))
#14 C:\xampp\htdocs\ProyectoInge\vendor\cakephp\cakephp\src\Http\Runner.php(51): Cake\Http\Runner->__invoke(Object(Cake\Http\ServerRequest), Object(Cake\Http\Response))
#15 C:\xampp\htdocs\ProyectoInge\vendor\cakephp\cakephp\src\Http\Server.php(98): Cake\Http\Runner->run(Object(Cake\Http\MiddlewareQueue), Object(Cake\Http\ServerRequest), Object(Cake\Http\Response))
#16 C:\xampp\htdocs\ProyectoInge\webroot\index.php(40): Cake\Http\Server->run()
#17 {main}


2018-10-07 00:36:53 Error: [Cake\Routing\Exception\MissingControllerException] Controller class Images could not be found.
Exception Attributes: array (
  'class' => 'Images',
  'plugin' => false,
  'prefix' => false,
  '_ext' => false,
)
Request URL: /images/sort_asc.png
Referer URL: http://localhost/ProyectoInge/css/jquery.dataTables.min.css
Stack Trace:
#0 C:\xampp\htdocs\ProyectoInge\vendor\cakephp\cakephp\src\Http\ControllerFactory.php(39): Cake\Http\ControllerFactory->missingController(Object(Cake\Http\ServerRequest))
#1 C:\xampp\htdocs\ProyectoInge\vendor\cakephp\cakephp\src\Http\ActionDispatcher.php(91): Cake\Http\ControllerFactory->create(Object(Cake\Http\ServerRequest), Object(Cake\Http\Response))
#2 C:\xampp\htdocs\ProyectoInge\vendor\cakephp\cakephp\src\Http\BaseApplication.php(235): Cake\Http\ActionDispatcher->dispatch(Object(Cake\Http\ServerRequest), Object(Cake\Http\Response))
#3 C:\xampp\htdocs\ProyectoInge\vendor\cakephp\cakephp\src\Http\Runner.php(65): Cake\Http\BaseApplication->__invoke(Object(Cake\Http\ServerRequest), Object(Cake\Http\Response), Object(Cake\Http\Runner))
#4 C:\xampp\htdocs\ProyectoInge\vendor\cakephp\cakephp\src\Http\Middleware\CsrfProtectionMiddleware.php(107): Cake\Http\Runner->__invoke(Object(Cake\Http\ServerRequest), Object(Cake\Http\Response))
#5 C:\xampp\htdocs\ProyectoInge\vendor\cakephp\cakephp\src\Http\Runner.php(65): Cake\Http\Middleware\CsrfProtectionMiddleware->__invoke(Object(Cake\Http\ServerRequest), Object(Cake\Http\Response), Object(Cake\Http\Runner))
#6 C:\xampp\htdocs\ProyectoInge\vendor\cakephp\cakephp\src\Routing\Middleware\RoutingMiddleware.php(156): Cake\Http\Runner->__invoke(Object(Cake\Http\ServerRequest), Object(Cake\Http\Response))
#7 C:\xampp\htdocs\ProyectoInge\vendor\cakephp\cakephp\src\Http\Runner.php(65): Cake\Routing\Middleware\RoutingMiddleware->__invoke(Object(Cake\Http\ServerRequest), Object(Cake\Http\Response), Object(Cake\Http\Runner))
#8 C:\xampp\htdocs\ProyectoInge\vendor\cakephp\cakephp\src\Routing\Middleware\AssetMiddleware.php(97): Cake\Http\Runner->__invoke(Object(Cake\Http\ServerRequest), Object(Cake\Http\Response))
#9 C:\xampp\htdocs\ProyectoInge\vendor\cakephp\cakephp\src\Http\Runner.php(65): Cake\Routing\Middleware\AssetMiddleware->__invoke(Object(Cake\Http\ServerRequest), Object(Cake\Http\Response), Object(Cake\Http\Runner))
#10 C:\xampp\htdocs\ProyectoInge\vendor\cakephp\cakephp\src\Error\Middleware\ErrorHandlerMiddleware.php(98): Cake\Http\Runner->__invoke(Object(Cake\Http\ServerRequest), Object(Cake\Http\Response))
#11 C:\xampp\htdocs\ProyectoInge\vendor\cakephp\cakephp\src\Http\Runner.php(65): Cake\Error\Middleware\ErrorHandlerMiddleware->__invoke(Object(Cake\Http\ServerRequest), Object(Cake\Http\Response), Object(Cake\Http\Runner))
#12 C:\xampp\htdocs\ProyectoInge\vendor\cakephp\debug_kit\src\Middleware\DebugKitMiddleware.php(53): Cake\Http\Runner->__invoke(Object(Cake\Http\ServerRequest), Object(Cake\Http\Response))
#13 C:\xampp\htdocs\ProyectoInge\vendor\cakephp\cakephp\src\Http\Runner.php(65): DebugKit\Middleware\DebugKitMiddleware->__invoke(Object(Cake\Http\ServerRequest), Object(Cake\Http\Response), Object(Cake\Http\Runner))
#14 C:\xampp\htdocs\ProyectoInge\vendor\cakephp\cakephp\src\Http\Runner.php(51): Cake\Http\Runner->__invoke(Object(Cake\Http\ServerRequest), Object(Cake\Http\Response))
#15 C:\xampp\htdocs\ProyectoInge\vendor\cakephp\cakephp\src\Http\Server.php(98): Cake\Http\Runner->run(Object(Cake\Http\MiddlewareQueue), Object(Cake\Http\ServerRequest), Object(Cake\Http\Response))
#16 C:\xampp\htdocs\ProyectoInge\webroot\index.php(40): Cake\Http\Server->run()
#17 {main}


2018-10-07 00:43:51 Error: [Cake\Datasource\Exception\RecordNotFoundException] Record not found in table "requirements"
Request URL: /requirements/delete/Obligatorio
Referer URL: http://localhost/ProyectoInge/requirements
Stack Trace:
#0 C:\xampp\htdocs\ProyectoInge\vendor\cakephp\cakephp\src\ORM\Table.php(1613): Cake\ORM\Query->firstOrFail()
#1 C:\xampp\htdocs\ProyectoInge\src\Controller\RequirementsController.php(98): Cake\ORM\Table->get(Array)
#2 C:\xampp\htdocs\ProyectoInge\vendor\cakephp\cakephp\src\Controller\Controller.php(596): App\Controller\RequirementsController->delete('Obligatorio')
#3 C:\xampp\htdocs\ProyectoInge\vendor\cakephp\cakephp\src\Http\ActionDispatcher.php(120): Cake\Controller\Controller->invokeAction()
#4 C:\xampp\htdocs\ProyectoInge\vendor\cakephp\cakephp\src\Http\ActionDispatcher.php(94): Cake\Http\ActionDispatcher->_invoke(Object(App\Controller\RequirementsController))
#5 C:\xampp\htdocs\ProyectoInge\vendor\cakephp\cakephp\src\Http\BaseApplication.php(235): Cake\Http\ActionDispatcher->dispatch(Object(Cake\Http\ServerRequest), Object(Cake\Http\Response))
#6 C:\xampp\htdocs\ProyectoInge\vendor\cakephp\cakephp\src\Http\Runner.php(65): Cake\Http\BaseApplication->__invoke(Object(Cake\Http\ServerRequest), Object(Cake\Http\Response), Object(Cake\Http\Runner))
#7 C:\xampp\htdocs\ProyectoInge\vendor\cakephp\cakephp\src\Http\Middleware\CsrfProtectionMiddleware.php(107): Cake\Http\Runner->__invoke(Object(Cake\Http\ServerRequest), Object(Cake\Http\Response))
#8 C:\xampp\htdocs\ProyectoInge\vendor\cakephp\cakephp\src\Http\Runner.php(65): Cake\Http\Middleware\CsrfProtectionMiddleware->__invoke(Object(Cake\Http\ServerRequest), Object(Cake\Http\Response), Object(Cake\Http\Runner))
#9 C:\xampp\htdocs\ProyectoInge\vendor\cakephp\cakephp\src\Routing\Middleware\RoutingMiddleware.php(156): Cake\Http\Runner->__invoke(Object(Cake\Http\ServerRequest), Object(Cake\Http\Response))
#10 C:\xampp\htdocs\ProyectoInge\vendor\cakephp\cakephp\src\Http\Runner.php(65): Cake\Routing\Middleware\RoutingMiddleware->__invoke(Object(Cake\Http\ServerRequest), Object(Cake\Http\Response), Object(Cake\Http\Runner))
#11 C:\xampp\htdocs\ProyectoInge\vendor\cakephp\cakephp\src\Routing\Middleware\AssetMiddleware.php(88): Cake\Http\Runner->__invoke(Object(Cake\Http\ServerRequest), Object(Cake\Http\Response))
#12 C:\xampp\htdocs\ProyectoInge\vendor\cakephp\cakephp\src\Http\Runner.php(65): Cake\Routing\Middleware\AssetMiddleware->__invoke(Object(Cake\Http\ServerRequest), Object(Cake\Http\Response), Object(Cake\Http\Runner))
#13 C:\xampp\htdocs\ProyectoInge\vendor\cakephp\cakephp\src\Error\Middleware\ErrorHandlerMiddleware.php(98): Cake\Http\Runner->__invoke(Object(Cake\Http\ServerRequest), Object(Cake\Http\Response))
#14 C:\xampp\htdocs\ProyectoInge\vendor\cakephp\cakephp\src\Http\Runner.php(65): Cake\Error\Middleware\ErrorHandlerMiddleware->__invoke(Object(Cake\Http\ServerRequest), Object(Cake\Http\Response), Object(Cake\Http\Runner))
#15 C:\xampp\htdocs\ProyectoInge\vendor\cakephp\debug_kit\src\Middleware\DebugKitMiddleware.php(53): Cake\Http\Runner->__invoke(Object(Cake\Http\ServerRequest), Object(Cake\Http\Response))
#16 C:\xampp\htdocs\ProyectoInge\vendor\cakephp\cakephp\src\Http\Runner.php(65): DebugKit\Middleware\DebugKitMiddleware->__invoke(Object(Cake\Http\ServerRequest), Object(Cake\Http\Response), Object(Cake\Http\Runner))
#17 C:\xampp\htdocs\ProyectoInge\vendor\cakephp\cakephp\src\Http\Runner.php(51): Cake\Http\Runner->__invoke(Object(Cake\Http\ServerRequest), Object(Cake\Http\Response))
#18 C:\xampp\htdocs\ProyectoInge\vendor\cakephp\cakephp\src\Http\Server.php(98): Cake\Http\Runner->run(Object(Cake\Http\MiddlewareQueue), Object(Cake\Http\ServerRequest), Object(Cake\Http\Response))
#19 C:\xampp\htdocs\ProyectoInge\webroot\index.php(40): Cake\Http\Server->run()
#20 {main}


2018-10-07 00:44:57 Error: [Cake\Routing\Exception\MissingControllerException] Controller class Images could not be found.
Exception Attributes: array (
  'class' => 'Images',
  'plugin' => false,
  'prefix' => false,
  '_ext' => false,
)
Request URL: /images/sort_both.png
Referer URL: http://localhost/ProyectoInge/css/jquery.dataTables.min.css
Stack Trace:
#0 C:\xampp\htdocs\ProyectoInge\vendor\cakephp\cakephp\src\Http\ControllerFactory.php(39): Cake\Http\ControllerFactory->missingController(Object(Cake\Http\ServerRequest))
#1 C:\xampp\htdocs\ProyectoInge\vendor\cakephp\cakephp\src\Http\ActionDispatcher.php(91): Cake\Http\ControllerFactory->create(Object(Cake\Http\ServerRequest), Object(Cake\Http\Response))
#2 C:\xampp\htdocs\ProyectoInge\vendor\cakephp\cakephp\src\Http\BaseApplication.php(235): Cake\Http\ActionDispatcher->dispatch(Object(Cake\Http\ServerRequest), Object(Cake\Http\Response))
#3 C:\xampp\htdocs\ProyectoInge\vendor\cakephp\cakephp\src\Http\Runner.php(65): Cake\Http\BaseApplication->__invoke(Object(Cake\Http\ServerRequest), Object(Cake\Http\Response), Object(Cake\Http\Runner))
#4 C:\xampp\htdocs\ProyectoInge\vendor\cakephp\cakephp\src\Http\Middleware\CsrfProtectionMiddleware.php(107): Cake\Http\Runner->__invoke(Object(Cake\Http\ServerRequest), Object(Cake\Http\Response))
#5 C:\xampp\htdocs\ProyectoInge\vendor\cakephp\cakephp\src\Http\Runner.php(65): Cake\Http\Middleware\CsrfProtectionMiddleware->__invoke(Object(Cake\Http\ServerRequest), Object(Cake\Http\Response), Object(Cake\Http\Runner))
#6 C:\xampp\htdocs\ProyectoInge\vendor\cakephp\cakephp\src\Routing\Middleware\RoutingMiddleware.php(156): Cake\Http\Runner->__invoke(Object(Cake\Http\ServerRequest), Object(Cake\Http\Response))
#7 C:\xampp\htdocs\ProyectoInge\vendor\cakephp\cakephp\src\Http\Runner.php(65): Cake\Routing\Middleware\RoutingMiddleware->__invoke(Object(Cake\Http\ServerRequest), Object(Cake\Http\Response), Object(Cake\Http\Runner))
#8 C:\xampp\htdocs\ProyectoInge\vendor\cakephp\cakephp\src\Routing\Middleware\AssetMiddleware.php(97): Cake\Http\Runner->__invoke(Object(Cake\Http\ServerRequest), Object(Cake\Http\Response))
#9 C:\xampp\htdocs\ProyectoInge\vendor\cakephp\cakephp\src\Http\Runner.php(65): Cake\Routing\Middleware\AssetMiddleware->__invoke(Object(Cake\Http\ServerRequest), Object(Cake\Http\Response), Object(Cake\Http\Runner))
#10 C:\xampp\htdocs\ProyectoInge\vendor\cakephp\cakephp\src\Error\Middleware\ErrorHandlerMiddleware.php(98): Cake\Http\Runner->__invoke(Object(Cake\Http\ServerRequest), Object(Cake\Http\Response))
#11 C:\xampp\htdocs\ProyectoInge\vendor\cakephp\cakephp\src\Http\Runner.php(65): Cake\Error\Middleware\ErrorHandlerMiddleware->__invoke(Object(Cake\Http\ServerRequest), Object(Cake\Http\Response), Object(Cake\Http\Runner))
#12 C:\xampp\htdocs\ProyectoInge\vendor\cakephp\debug_kit\src\Middleware\DebugKitMiddleware.php(53): Cake\Http\Runner->__invoke(Object(Cake\Http\ServerRequest), Object(Cake\Http\Response))
#13 C:\xampp\htdocs\ProyectoInge\vendor\cakephp\cakephp\src\Http\Runner.php(65): DebugKit\Middleware\DebugKitMiddleware->__invoke(Object(Cake\Http\ServerRequest), Object(Cake\Http\Response), Object(Cake\Http\Runner))
#14 C:\xampp\htdocs\ProyectoInge\vendor\cakephp\cakephp\src\Http\Runner.php(51): Cake\Http\Runner->__invoke(Object(Cake\Http\ServerRequest), Object(Cake\Http\Response))
#15 C:\xampp\htdocs\ProyectoInge\vendor\cakephp\cakephp\src\Http\Server.php(98): Cake\Http\Runner->run(Object(Cake\Http\MiddlewareQueue), Object(Cake\Http\ServerRequest), Object(Cake\Http\Response))
#16 C:\xampp\htdocs\ProyectoInge\webroot\index.php(40): Cake\Http\Server->run()
#17 {main}


2018-10-07 00:44:57 Error: [Cake\Routing\Exception\MissingControllerException] Controller class Images could not be found.
Exception Attributes: array (
  'class' => 'Images',
  'plugin' => false,
  'prefix' => false,
  '_ext' => false,
)
Request URL: /images/sort_asc.png
Referer URL: http://localhost/ProyectoInge/css/jquery.dataTables.min.css
Stack Trace:
#0 C:\xampp\htdocs\ProyectoInge\vendor\cakephp\cakephp\src\Http\ControllerFactory.php(39): Cake\Http\ControllerFactory->missingController(Object(Cake\Http\ServerRequest))
#1 C:\xampp\htdocs\ProyectoInge\vendor\cakephp\cakephp\src\Http\ActionDispatcher.php(91): Cake\Http\ControllerFactory->create(Object(Cake\Http\ServerRequest), Object(Cake\Http\Response))
#2 C:\xampp\htdocs\ProyectoInge\vendor\cakephp\cakephp\src\Http\BaseApplication.php(235): Cake\Http\ActionDispatcher->dispatch(Object(Cake\Http\ServerRequest), Object(Cake\Http\Response))
#3 C:\xampp\htdocs\ProyectoInge\vendor\cakephp\cakephp\src\Http\Runner.php(65): Cake\Http\BaseApplication->__invoke(Object(Cake\Http\ServerRequest), Object(Cake\Http\Response), Object(Cake\Http\Runner))
#4 C:\xampp\htdocs\ProyectoInge\vendor\cakephp\cakephp\src\Http\Middleware\CsrfProtectionMiddleware.php(107): Cake\Http\Runner->__invoke(Object(Cake\Http\ServerRequest), Object(Cake\Http\Response))
#5 C:\xampp\htdocs\ProyectoInge\vendor\cakephp\cakephp\src\Http\Runner.php(65): Cake\Http\Middleware\CsrfProtectionMiddleware->__invoke(Object(Cake\Http\ServerRequest), Object(Cake\Http\Response), Object(Cake\Http\Runner))
#6 C:\xampp\htdocs\ProyectoInge\vendor\cakephp\cakephp\src\Routing\Middleware\RoutingMiddleware.php(156): Cake\Http\Runner->__invoke(Object(Cake\Http\ServerRequest), Object(Cake\Http\Response))
#7 C:\xampp\htdocs\ProyectoInge\vendor\cakephp\cakephp\src\Http\Runner.php(65): Cake\Routing\Middleware\RoutingMiddleware->__invoke(Object(Cake\Http\ServerRequest), Object(Cake\Http\Response), Object(Cake\Http\Runner))
#8 C:\xampp\htdocs\ProyectoInge\vendor\cakephp\cakephp\src\Routing\Middleware\AssetMiddleware.php(97): Cake\Http\Runner->__invoke(Object(Cake\Http\ServerRequest), Object(Cake\Http\Response))
#9 C:\xampp\htdocs\ProyectoInge\vendor\cakephp\cakephp\src\Http\Runner.php(65): Cake\Routing\Middleware\AssetMiddleware->__invoke(Object(Cake\Http\ServerRequest), Object(Cake\Http\Response), Object(Cake\Http\Runner))
#10 C:\xampp\htdocs\ProyectoInge\vendor\cakephp\cakephp\src\Error\Middleware\ErrorHandlerMiddleware.php(98): Cake\Http\Runner->__invoke(Object(Cake\Http\ServerRequest), Object(Cake\Http\Response))
#11 C:\xampp\htdocs\ProyectoInge\vendor\cakephp\cakephp\src\Http\Runner.php(65): Cake\Error\Middleware\ErrorHandlerMiddleware->__invoke(Object(Cake\Http\ServerRequest), Object(Cake\Http\Response), Object(Cake\Http\Runner))
#12 C:\xampp\htdocs\ProyectoInge\vendor\cakephp\debug_kit\src\Middleware\DebugKitMiddleware.php(53): Cake\Http\Runner->__invoke(Object(Cake\Http\ServerRequest), Object(Cake\Http\Response))
#13 C:\xampp\htdocs\ProyectoInge\vendor\cakephp\cakephp\src\Http\Runner.php(65): DebugKit\Middleware\DebugKitMiddleware->__invoke(Object(Cake\Http\ServerRequest), Object(Cake\Http\Response), Object(Cake\Http\Runner))
#14 C:\xampp\htdocs\ProyectoInge\vendor\cakephp\cakephp\src\Http\Runner.php(51): Cake\Http\Runner->__invoke(Object(Cake\Http\ServerRequest), Object(Cake\Http\Response))
#15 C:\xampp\htdocs\ProyectoInge\vendor\cakephp\cakephp\src\Http\Server.php(98): Cake\Http\Runner->run(Object(Cake\Http\MiddlewareQueue), Object(Cake\Http\ServerRequest), Object(Cake\Http\Response))
#16 C:\xampp\htdocs\ProyectoInge\webroot\index.php(40): Cake\Http\Server->run()
#17 {main}


2018-10-07 00:49:11 Error: [Cake\Datasource\Exception\RecordNotFoundException] Record not found in table "requirements"
Request URL: /requirements/delete/Obligatorio
Referer URL: http://localhost/ProyectoInge/requirements
Stack Trace:
#0 C:\xampp\htdocs\ProyectoInge\vendor\cakephp\cakephp\src\ORM\Table.php(1613): Cake\ORM\Query->firstOrFail()
#1 C:\xampp\htdocs\ProyectoInge\src\Controller\RequirementsController.php(98): Cake\ORM\Table->get(Array)
#2 C:\xampp\htdocs\ProyectoInge\vendor\cakephp\cakephp\src\Controller\Controller.php(596): App\Controller\RequirementsController->delete('Obligatorio')
#3 C:\xampp\htdocs\ProyectoInge\vendor\cakephp\cakephp\src\Http\ActionDispatcher.php(120): Cake\Controller\Controller->invokeAction()
#4 C:\xampp\htdocs\ProyectoInge\vendor\cakephp\cakephp\src\Http\ActionDispatcher.php(94): Cake\Http\ActionDispatcher->_invoke(Object(App\Controller\RequirementsController))
#5 C:\xampp\htdocs\ProyectoInge\vendor\cakephp\cakephp\src\Http\BaseApplication.php(235): Cake\Http\ActionDispatcher->dispatch(Object(Cake\Http\ServerRequest), Object(Cake\Http\Response))
#6 C:\xampp\htdocs\ProyectoInge\vendor\cakephp\cakephp\src\Http\Runner.php(65): Cake\Http\BaseApplication->__invoke(Object(Cake\Http\ServerRequest), Object(Cake\Http\Response), Object(Cake\Http\Runner))
#7 C:\xampp\htdocs\ProyectoInge\vendor\cakephp\cakephp\src\Http\Middleware\CsrfProtectionMiddleware.php(107): Cake\Http\Runner->__invoke(Object(Cake\Http\ServerRequest), Object(Cake\Http\Response))
#8 C:\xampp\htdocs\ProyectoInge\vendor\cakephp\cakephp\src\Http\Runner.php(65): Cake\Http\Middleware\CsrfProtectionMiddleware->__invoke(Object(Cake\Http\ServerRequest), Object(Cake\Http\Response), Object(Cake\Http\Runner))
#9 C:\xampp\htdocs\ProyectoInge\vendor\cakephp\cakephp\src\Routing\Middleware\RoutingMiddleware.php(156): Cake\Http\Runner->__invoke(Object(Cake\Http\ServerRequest), Object(Cake\Http\Response))
#10 C:\xampp\htdocs\ProyectoInge\vendor\cakephp\cakephp\src\Http\Runner.php(65): Cake\Routing\Middleware\RoutingMiddleware->__invoke(Object(Cake\Http\ServerRequest), Object(Cake\Http\Response), Object(Cake\Http\Runner))
#11 C:\xampp\htdocs\ProyectoInge\vendor\cakephp\cakephp\src\Routing\Middleware\AssetMiddleware.php(88): Cake\Http\Runner->__invoke(Object(Cake\Http\ServerRequest), Object(Cake\Http\Response))
#12 C:\xampp\htdocs\ProyectoInge\vendor\cakephp\cakephp\src\Http\Runner.php(65): Cake\Routing\Middleware\AssetMiddleware->__invoke(Object(Cake\Http\ServerRequest), Object(Cake\Http\Response), Object(Cake\Http\Runner))
#13 C:\xampp\htdocs\ProyectoInge\vendor\cakephp\cakephp\src\Error\Middleware\ErrorHandlerMiddleware.php(98): Cake\Http\Runner->__invoke(Object(Cake\Http\ServerRequest), Object(Cake\Http\Response))
#14 C:\xampp\htdocs\ProyectoInge\vendor\cakephp\cakephp\src\Http\Runner.php(65): Cake\Error\Middleware\ErrorHandlerMiddleware->__invoke(Object(Cake\Http\ServerRequest), Object(Cake\Http\Response), Object(Cake\Http\Runner))
#15 C:\xampp\htdocs\ProyectoInge\vendor\cakephp\debug_kit\src\Middleware\DebugKitMiddleware.php(53): Cake\Http\Runner->__invoke(Object(Cake\Http\ServerRequest), Object(Cake\Http\Response))
#16 C:\xampp\htdocs\ProyectoInge\vendor\cakephp\cakephp\src\Http\Runner.php(65): DebugKit\Middleware\DebugKitMiddleware->__invoke(Object(Cake\Http\ServerRequest), Object(Cake\Http\Response), Object(Cake\Http\Runner))
#17 C:\xampp\htdocs\ProyectoInge\vendor\cakephp\cakephp\src\Http\Runner.php(51): Cake\Http\Runner->__invoke(Object(Cake\Http\ServerRequest), Object(Cake\Http\Response))
#18 C:\xampp\htdocs\ProyectoInge\vendor\cakephp\cakephp\src\Http\Server.php(98): Cake\Http\Runner->run(Object(Cake\Http\MiddlewareQueue), Object(Cake\Http\ServerRequest), Object(Cake\Http\Response))
#19 C:\xampp\htdocs\ProyectoInge\webroot\index.php(40): Cake\Http\Server->run()
#20 {main}


2018-10-07 00:52:07 Error: [Cake\Routing\Exception\MissingControllerException] Controller class Images could not be found.
Exception Attributes: array (
  'class' => 'Images',
  'plugin' => false,
  'prefix' => false,
  '_ext' => false,
)
Request URL: /images/sort_both.png
Referer URL: http://localhost/ProyectoInge/css/jquery.dataTables.min.css
Stack Trace:
#0 C:\xampp\htdocs\ProyectoInge\vendor\cakephp\cakephp\src\Http\ControllerFactory.php(39): Cake\Http\ControllerFactory->missingController(Object(Cake\Http\ServerRequest))
#1 C:\xampp\htdocs\ProyectoInge\vendor\cakephp\cakephp\src\Http\ActionDispatcher.php(91): Cake\Http\ControllerFactory->create(Object(Cake\Http\ServerRequest), Object(Cake\Http\Response))
#2 C:\xampp\htdocs\ProyectoInge\vendor\cakephp\cakephp\src\Http\BaseApplication.php(235): Cake\Http\ActionDispatcher->dispatch(Object(Cake\Http\ServerRequest), Object(Cake\Http\Response))
#3 C:\xampp\htdocs\ProyectoInge\vendor\cakephp\cakephp\src\Http\Runner.php(65): Cake\Http\BaseApplication->__invoke(Object(Cake\Http\ServerRequest), Object(Cake\Http\Response), Object(Cake\Http\Runner))
#4 C:\xampp\htdocs\ProyectoInge\vendor\cakephp\cakephp\src\Http\Middleware\CsrfProtectionMiddleware.php(107): Cake\Http\Runner->__invoke(Object(Cake\Http\ServerRequest), Object(Cake\Http\Response))
#5 C:\xampp\htdocs\ProyectoInge\vendor\cakephp\cakephp\src\Http\Runner.php(65): Cake\Http\Middleware\CsrfProtectionMiddleware->__invoke(Object(Cake\Http\ServerRequest), Object(Cake\Http\Response), Object(Cake\Http\Runner))
#6 C:\xampp\htdocs\ProyectoInge\vendor\cakephp\cakephp\src\Routing\Middleware\RoutingMiddleware.php(156): Cake\Http\Runner->__invoke(Object(Cake\Http\ServerRequest), Object(Cake\Http\Response))
#7 C:\xampp\htdocs\ProyectoInge\vendor\cakephp\cakephp\src\Http\Runner.php(65): Cake\Routing\Middleware\RoutingMiddleware->__invoke(Object(Cake\Http\ServerRequest), Object(Cake\Http\Response), Object(Cake\Http\Runner))
#8 C:\xampp\htdocs\ProyectoInge\vendor\cakephp\cakephp\src\Routing\Middleware\AssetMiddleware.php(97): Cake\Http\Runner->__invoke(Object(Cake\Http\ServerRequest), Object(Cake\Http\Response))
#9 C:\xampp\htdocs\ProyectoInge\vendor\cakephp\cakephp\src\Http\Runner.php(65): Cake\Routing\Middleware\AssetMiddleware->__invoke(Object(Cake\Http\ServerRequest), Object(Cake\Http\Response), Object(Cake\Http\Runner))
#10 C:\xampp\htdocs\ProyectoInge\vendor\cakephp\cakephp\src\Error\Middleware\ErrorHandlerMiddleware.php(98): Cake\Http\Runner->__invoke(Object(Cake\Http\ServerRequest), Object(Cake\Http\Response))
#11 C:\xampp\htdocs\ProyectoInge\vendor\cakephp\cakephp\src\Http\Runner.php(65): Cake\Error\Middleware\ErrorHandlerMiddleware->__invoke(Object(Cake\Http\ServerRequest), Object(Cake\Http\Response), Object(Cake\Http\Runner))
#12 C:\xampp\htdocs\ProyectoInge\vendor\cakephp\debug_kit\src\Middleware\DebugKitMiddleware.php(53): Cake\Http\Runner->__invoke(Object(Cake\Http\ServerRequest), Object(Cake\Http\Response))
#13 C:\xampp\htdocs\ProyectoInge\vendor\cakephp\cakephp\src\Http\Runner.php(65): DebugKit\Middleware\DebugKitMiddleware->__invoke(Object(Cake\Http\ServerRequest), Object(Cake\Http\Response), Object(Cake\Http\Runner))
#14 C:\xampp\htdocs\ProyectoInge\vendor\cakephp\cakephp\src\Http\Runner.php(51): Cake\Http\Runner->__invoke(Object(Cake\Http\ServerRequest), Object(Cake\Http\Response))
#15 C:\xampp\htdocs\ProyectoInge\vendor\cakephp\cakephp\src\Http\Server.php(98): Cake\Http\Runner->run(Object(Cake\Http\MiddlewareQueue), Object(Cake\Http\ServerRequest), Object(Cake\Http\Response))
#16 C:\xampp\htdocs\ProyectoInge\webroot\index.php(40): Cake\Http\Server->run()
#17 {main}


2018-10-07 00:52:07 Error: [Cake\Routing\Exception\MissingControllerException] Controller class Images could not be found.
Exception Attributes: array (
  'class' => 'Images',
  'plugin' => false,
  'prefix' => false,
  '_ext' => false,
)
Request URL: /images/sort_asc.png
Referer URL: http://localhost/ProyectoInge/css/jquery.dataTables.min.css
Stack Trace:
#0 C:\xampp\htdocs\ProyectoInge\vendor\cakephp\cakephp\src\Http\ControllerFactory.php(39): Cake\Http\ControllerFactory->missingController(Object(Cake\Http\ServerRequest))
#1 C:\xampp\htdocs\ProyectoInge\vendor\cakephp\cakephp\src\Http\ActionDispatcher.php(91): Cake\Http\ControllerFactory->create(Object(Cake\Http\ServerRequest), Object(Cake\Http\Response))
#2 C:\xampp\htdocs\ProyectoInge\vendor\cakephp\cakephp\src\Http\BaseApplication.php(235): Cake\Http\ActionDispatcher->dispatch(Object(Cake\Http\ServerRequest), Object(Cake\Http\Response))
#3 C:\xampp\htdocs\ProyectoInge\vendor\cakephp\cakephp\src\Http\Runner.php(65): Cake\Http\BaseApplication->__invoke(Object(Cake\Http\ServerRequest), Object(Cake\Http\Response), Object(Cake\Http\Runner))
#4 C:\xampp\htdocs\ProyectoInge\vendor\cakephp\cakephp\src\Http\Middleware\CsrfProtectionMiddleware.php(107): Cake\Http\Runner->__invoke(Object(Cake\Http\ServerRequest), Object(Cake\Http\Response))
#5 C:\xampp\htdocs\ProyectoInge\vendor\cakephp\cakephp\src\Http\Runner.php(65): Cake\Http\Middleware\CsrfProtectionMiddleware->__invoke(Object(Cake\Http\ServerRequest), Object(Cake\Http\Response), Object(Cake\Http\Runner))
#6 C:\xampp\htdocs\ProyectoInge\vendor\cakephp\cakephp\src\Routing\Middleware\RoutingMiddleware.php(156): Cake\Http\Runner->__invoke(Object(Cake\Http\ServerRequest), Object(Cake\Http\Response))
#7 C:\xampp\htdocs\ProyectoInge\vendor\cakephp\cakephp\src\Http\Runner.php(65): Cake\Routing\Middleware\RoutingMiddleware->__invoke(Object(Cake\Http\ServerRequest), Object(Cake\Http\Response), Object(Cake\Http\Runner))
#8 C:\xampp\htdocs\ProyectoInge\vendor\cakephp\cakephp\src\Routing\Middleware\AssetMiddleware.php(97): Cake\Http\Runner->__invoke(Object(Cake\Http\ServerRequest), Object(Cake\Http\Response))
#9 C:\xampp\htdocs\ProyectoInge\vendor\cakephp\cakephp\src\Http\Runner.php(65): Cake\Routing\Middleware\AssetMiddleware->__invoke(Object(Cake\Http\ServerRequest), Object(Cake\Http\Response), Object(Cake\Http\Runner))
#10 C:\xampp\htdocs\ProyectoInge\vendor\cakephp\cakephp\src\Error\Middleware\ErrorHandlerMiddleware.php(98): Cake\Http\Runner->__invoke(Object(Cake\Http\ServerRequest), Object(Cake\Http\Response))
#11 C:\xampp\htdocs\ProyectoInge\vendor\cakephp\cakephp\src\Http\Runner.php(65): Cake\Error\Middleware\ErrorHandlerMiddleware->__invoke(Object(Cake\Http\ServerRequest), Object(Cake\Http\Response), Object(Cake\Http\Runner))
#12 C:\xampp\htdocs\ProyectoInge\vendor\cakephp\debug_kit\src\Middleware\DebugKitMiddleware.php(53): Cake\Http\Runner->__invoke(Object(Cake\Http\ServerRequest), Object(Cake\Http\Response))
#13 C:\xampp\htdocs\ProyectoInge\vendor\cakephp\cakephp\src\Http\Runner.php(65): DebugKit\Middleware\DebugKitMiddleware->__invoke(Object(Cake\Http\ServerRequest), Object(Cake\Http\Response), Object(Cake\Http\Runner))
#14 C:\xampp\htdocs\ProyectoInge\vendor\cakephp\cakephp\src\Http\Runner.php(51): Cake\Http\Runner->__invoke(Object(Cake\Http\ServerRequest), Object(Cake\Http\Response))
#15 C:\xampp\htdocs\ProyectoInge\vendor\cakephp\cakephp\src\Http\Server.php(98): Cake\Http\Runner->run(Object(Cake\Http\MiddlewareQueue), Object(Cake\Http\ServerRequest), Object(Cake\Http\Response))
#16 C:\xampp\htdocs\ProyectoInge\webroot\index.php(40): Cake\Http\Server->run()
#17 {main}


2018-10-07 00:52:13 Error: [Cake\Routing\Exception\MissingControllerException] Controller class Images could not be found.
Exception Attributes: array (
  'class' => 'Images',
  'plugin' => false,
  'prefix' => false,
  '_ext' => false,
)
Request URL: /images/sort_both.png
Referer URL: http://localhost/ProyectoInge/css/jquery.dataTables.min.css
Stack Trace:
#0 C:\xampp\htdocs\ProyectoInge\vendor\cakephp\cakephp\src\Http\ControllerFactory.php(39): Cake\Http\ControllerFactory->missingController(Object(Cake\Http\ServerRequest))
#1 C:\xampp\htdocs\ProyectoInge\vendor\cakephp\cakephp\src\Http\ActionDispatcher.php(91): Cake\Http\ControllerFactory->create(Object(Cake\Http\ServerRequest), Object(Cake\Http\Response))
#2 C:\xampp\htdocs\ProyectoInge\vendor\cakephp\cakephp\src\Http\BaseApplication.php(235): Cake\Http\ActionDispatcher->dispatch(Object(Cake\Http\ServerRequest), Object(Cake\Http\Response))
#3 C:\xampp\htdocs\ProyectoInge\vendor\cakephp\cakephp\src\Http\Runner.php(65): Cake\Http\BaseApplication->__invoke(Object(Cake\Http\ServerRequest), Object(Cake\Http\Response), Object(Cake\Http\Runner))
#4 C:\xampp\htdocs\ProyectoInge\vendor\cakephp\cakephp\src\Http\Middleware\CsrfProtectionMiddleware.php(107): Cake\Http\Runner->__invoke(Object(Cake\Http\ServerRequest), Object(Cake\Http\Response))
#5 C:\xampp\htdocs\ProyectoInge\vendor\cakephp\cakephp\src\Http\Runner.php(65): Cake\Http\Middleware\CsrfProtectionMiddleware->__invoke(Object(Cake\Http\ServerRequest), Object(Cake\Http\Response), Object(Cake\Http\Runner))
#6 C:\xampp\htdocs\ProyectoInge\vendor\cakephp\cakephp\src\Routing\Middleware\RoutingMiddleware.php(156): Cake\Http\Runner->__invoke(Object(Cake\Http\ServerRequest), Object(Cake\Http\Response))
#7 C:\xampp\htdocs\ProyectoInge\vendor\cakephp\cakephp\src\Http\Runner.php(65): Cake\Routing\Middleware\RoutingMiddleware->__invoke(Object(Cake\Http\ServerRequest), Object(Cake\Http\Response), Object(Cake\Http\Runner))
#8 C:\xampp\htdocs\ProyectoInge\vendor\cakephp\cakephp\src\Routing\Middleware\AssetMiddleware.php(97): Cake\Http\Runner->__invoke(Object(Cake\Http\ServerRequest), Object(Cake\Http\Response))
#9 C:\xampp\htdocs\ProyectoInge\vendor\cakephp\cakephp\src\Http\Runner.php(65): Cake\Routing\Middleware\AssetMiddleware->__invoke(Object(Cake\Http\ServerRequest), Object(Cake\Http\Response), Object(Cake\Http\Runner))
#10 C:\xampp\htdocs\ProyectoInge\vendor\cakephp\cakephp\src\Error\Middleware\ErrorHandlerMiddleware.php(98): Cake\Http\Runner->__invoke(Object(Cake\Http\ServerRequest), Object(Cake\Http\Response))
#11 C:\xampp\htdocs\ProyectoInge\vendor\cakephp\cakephp\src\Http\Runner.php(65): Cake\Error\Middleware\ErrorHandlerMiddleware->__invoke(Object(Cake\Http\ServerRequest), Object(Cake\Http\Response), Object(Cake\Http\Runner))
#12 C:\xampp\htdocs\ProyectoInge\vendor\cakephp\debug_kit\src\Middleware\DebugKitMiddleware.php(53): Cake\Http\Runner->__invoke(Object(Cake\Http\ServerRequest), Object(Cake\Http\Response))
#13 C:\xampp\htdocs\ProyectoInge\vendor\cakephp\cakephp\src\Http\Runner.php(65): DebugKit\Middleware\DebugKitMiddleware->__invoke(Object(Cake\Http\ServerRequest), Object(Cake\Http\Response), Object(Cake\Http\Runner))
#14 C:\xampp\htdocs\ProyectoInge\vendor\cakephp\cakephp\src\Http\Runner.php(51): Cake\Http\Runner->__invoke(Object(Cake\Http\ServerRequest), Object(Cake\Http\Response))
#15 C:\xampp\htdocs\ProyectoInge\vendor\cakephp\cakephp\src\Http\Server.php(98): Cake\Http\Runner->run(Object(Cake\Http\MiddlewareQueue), Object(Cake\Http\ServerRequest), Object(Cake\Http\Response))
#16 C:\xampp\htdocs\ProyectoInge\webroot\index.php(40): Cake\Http\Server->run()
#17 {main}


2018-10-07 00:52:13 Error: [Cake\Routing\Exception\MissingControllerException] Controller class Images could not be found.
Exception Attributes: array (
  'class' => 'Images',
  'plugin' => false,
  'prefix' => false,
  '_ext' => false,
)
Request URL: /images/sort_asc.png
Referer URL: http://localhost/ProyectoInge/css/jquery.dataTables.min.css
Stack Trace:
#0 C:\xampp\htdocs\ProyectoInge\vendor\cakephp\cakephp\src\Http\ControllerFactory.php(39): Cake\Http\ControllerFactory->missingController(Object(Cake\Http\ServerRequest))
#1 C:\xampp\htdocs\ProyectoInge\vendor\cakephp\cakephp\src\Http\ActionDispatcher.php(91): Cake\Http\ControllerFactory->create(Object(Cake\Http\ServerRequest), Object(Cake\Http\Response))
#2 C:\xampp\htdocs\ProyectoInge\vendor\cakephp\cakephp\src\Http\BaseApplication.php(235): Cake\Http\ActionDispatcher->dispatch(Object(Cake\Http\ServerRequest), Object(Cake\Http\Response))
#3 C:\xampp\htdocs\ProyectoInge\vendor\cakephp\cakephp\src\Http\Runner.php(65): Cake\Http\BaseApplication->__invoke(Object(Cake\Http\ServerRequest), Object(Cake\Http\Response), Object(Cake\Http\Runner))
#4 C:\xampp\htdocs\ProyectoInge\vendor\cakephp\cakephp\src\Http\Middleware\CsrfProtectionMiddleware.php(107): Cake\Http\Runner->__invoke(Object(Cake\Http\ServerRequest), Object(Cake\Http\Response))
#5 C:\xampp\htdocs\ProyectoInge\vendor\cakephp\cakephp\src\Http\Runner.php(65): Cake\Http\Middleware\CsrfProtectionMiddleware->__invoke(Object(Cake\Http\ServerRequest), Object(Cake\Http\Response), Object(Cake\Http\Runner))
#6 C:\xampp\htdocs\ProyectoInge\vendor\cakephp\cakephp\src\Routing\Middleware\RoutingMiddleware.php(156): Cake\Http\Runner->__invoke(Object(Cake\Http\ServerRequest), Object(Cake\Http\Response))
#7 C:\xampp\htdocs\ProyectoInge\vendor\cakephp\cakephp\src\Http\Runner.php(65): Cake\Routing\Middleware\RoutingMiddleware->__invoke(Object(Cake\Http\ServerRequest), Object(Cake\Http\Response), Object(Cake\Http\Runner))
#8 C:\xampp\htdocs\ProyectoInge\vendor\cakephp\cakephp\src\Routing\Middleware\AssetMiddleware.php(97): Cake\Http\Runner->__invoke(Object(Cake\Http\ServerRequest), Object(Cake\Http\Response))
#9 C:\xampp\htdocs\ProyectoInge\vendor\cakephp\cakephp\src\Http\Runner.php(65): Cake\Routing\Middleware\AssetMiddleware->__invoke(Object(Cake\Http\ServerRequest), Object(Cake\Http\Response), Object(Cake\Http\Runner))
#10 C:\xampp\htdocs\ProyectoInge\vendor\cakephp\cakephp\src\Error\Middleware\ErrorHandlerMiddleware.php(98): Cake\Http\Runner->__invoke(Object(Cake\Http\ServerRequest), Object(Cake\Http\Response))
#11 C:\xampp\htdocs\ProyectoInge\vendor\cakephp\cakephp\src\Http\Runner.php(65): Cake\Error\Middleware\ErrorHandlerMiddleware->__invoke(Object(Cake\Http\ServerRequest), Object(Cake\Http\Response), Object(Cake\Http\Runner))
#12 C:\xampp\htdocs\ProyectoInge\vendor\cakephp\debug_kit\src\Middleware\DebugKitMiddleware.php(53): Cake\Http\Runner->__invoke(Object(Cake\Http\ServerRequest), Object(Cake\Http\Response))
#13 C:\xampp\htdocs\ProyectoInge\vendor\cakephp\cakephp\src\Http\Runner.php(65): DebugKit\Middleware\DebugKitMiddleware->__invoke(Object(Cake\Http\ServerRequest), Object(Cake\Http\Response), Object(Cake\Http\Runner))
#14 C:\xampp\htdocs\ProyectoInge\vendor\cakephp\cakephp\src\Http\Runner.php(51): Cake\Http\Runner->__invoke(Object(Cake\Http\ServerRequest), Object(Cake\Http\Response))
#15 C:\xampp\htdocs\ProyectoInge\vendor\cakephp\cakephp\src\Http\Server.php(98): Cake\Http\Runner->run(Object(Cake\Http\MiddlewareQueue), Object(Cake\Http\ServerRequest), Object(Cake\Http\Response))
#16 C:\xampp\htdocs\ProyectoInge\webroot\index.php(40): Cake\Http\Server->run()
#17 {main}


2018-10-07 00:52:21 Error: [Cake\Routing\Exception\MissingControllerException] Controller class Images could not be found.
Exception Attributes: array (
  'class' => 'Images',
  'plugin' => false,
  'prefix' => false,
  '_ext' => false,
)
Request URL: /images/sort_asc.png
Referer URL: http://localhost/ProyectoInge/css/jquery.dataTables.min.css
Stack Trace:
#0 C:\xampp\htdocs\ProyectoInge\vendor\cakephp\cakephp\src\Http\ControllerFactory.php(39): Cake\Http\ControllerFactory->missingController(Object(Cake\Http\ServerRequest))
#1 C:\xampp\htdocs\ProyectoInge\vendor\cakephp\cakephp\src\Http\ActionDispatcher.php(91): Cake\Http\ControllerFactory->create(Object(Cake\Http\ServerRequest), Object(Cake\Http\Response))
#2 C:\xampp\htdocs\ProyectoInge\vendor\cakephp\cakephp\src\Http\BaseApplication.php(235): Cake\Http\ActionDispatcher->dispatch(Object(Cake\Http\ServerRequest), Object(Cake\Http\Response))
#3 C:\xampp\htdocs\ProyectoInge\vendor\cakephp\cakephp\src\Http\Runner.php(65): Cake\Http\BaseApplication->__invoke(Object(Cake\Http\ServerRequest), Object(Cake\Http\Response), Object(Cake\Http\Runner))
#4 C:\xampp\htdocs\ProyectoInge\vendor\cakephp\cakephp\src\Http\Middleware\CsrfProtectionMiddleware.php(107): Cake\Http\Runner->__invoke(Object(Cake\Http\ServerRequest), Object(Cake\Http\Response))
#5 C:\xampp\htdocs\ProyectoInge\vendor\cakephp\cakephp\src\Http\Runner.php(65): Cake\Http\Middleware\CsrfProtectionMiddleware->__invoke(Object(Cake\Http\ServerRequest), Object(Cake\Http\Response), Object(Cake\Http\Runner))
#6 C:\xampp\htdocs\ProyectoInge\vendor\cakephp\cakephp\src\Routing\Middleware\RoutingMiddleware.php(156): Cake\Http\Runner->__invoke(Object(Cake\Http\ServerRequest), Object(Cake\Http\Response))
#7 C:\xampp\htdocs\ProyectoInge\vendor\cakephp\cakephp\src\Http\Runner.php(65): Cake\Routing\Middleware\RoutingMiddleware->__invoke(Object(Cake\Http\ServerRequest), Object(Cake\Http\Response), Object(Cake\Http\Runner))
#8 C:\xampp\htdocs\ProyectoInge\vendor\cakephp\cakephp\src\Routing\Middleware\AssetMiddleware.php(97): Cake\Http\Runner->__invoke(Object(Cake\Http\ServerRequest), Object(Cake\Http\Response))
#9 C:\xampp\htdocs\ProyectoInge\vendor\cakephp\cakephp\src\Http\Runner.php(65): Cake\Routing\Middleware\AssetMiddleware->__invoke(Object(Cake\Http\ServerRequest), Object(Cake\Http\Response), Object(Cake\Http\Runner))
#10 C:\xampp\htdocs\ProyectoInge\vendor\cakephp\cakephp\src\Error\Middleware\ErrorHandlerMiddleware.php(98): Cake\Http\Runner->__invoke(Object(Cake\Http\ServerRequest), Object(Cake\Http\Response))
#11 C:\xampp\htdocs\ProyectoInge\vendor\cakephp\cakephp\src\Http\Runner.php(65): Cake\Error\Middleware\ErrorHandlerMiddleware->__invoke(Object(Cake\Http\ServerRequest), Object(Cake\Http\Response), Object(Cake\Http\Runner))
#12 C:\xampp\htdocs\ProyectoInge\vendor\cakephp\debug_kit\src\Middleware\DebugKitMiddleware.php(53): Cake\Http\Runner->__invoke(Object(Cake\Http\ServerRequest), Object(Cake\Http\Response))
#13 C:\xampp\htdocs\ProyectoInge\vendor\cakephp\cakephp\src\Http\Runner.php(65): DebugKit\Middleware\DebugKitMiddleware->__invoke(Object(Cake\Http\ServerRequest), Object(Cake\Http\Response), Object(Cake\Http\Runner))
#14 C:\xampp\htdocs\ProyectoInge\vendor\cakephp\cakephp\src\Http\Runner.php(51): Cake\Http\Runner->__invoke(Object(Cake\Http\ServerRequest), Object(Cake\Http\Response))
#15 C:\xampp\htdocs\ProyectoInge\vendor\cakephp\cakephp\src\Http\Server.php(98): Cake\Http\Runner->run(Object(Cake\Http\MiddlewareQueue), Object(Cake\Http\ServerRequest), Object(Cake\Http\Response))
#16 C:\xampp\htdocs\ProyectoInge\webroot\index.php(40): Cake\Http\Server->run()
#17 {main}


2018-10-07 00:52:21 Error: [Cake\Routing\Exception\MissingControllerException] Controller class Images could not be found.
Exception Attributes: array (
  'class' => 'Images',
  'plugin' => false,
  'prefix' => false,
  '_ext' => false,
)
Request URL: /images/sort_both.png
Referer URL: http://localhost/ProyectoInge/css/jquery.dataTables.min.css
Stack Trace:
#0 C:\xampp\htdocs\ProyectoInge\vendor\cakephp\cakephp\src\Http\ControllerFactory.php(39): Cake\Http\ControllerFactory->missingController(Object(Cake\Http\ServerRequest))
#1 C:\xampp\htdocs\ProyectoInge\vendor\cakephp\cakephp\src\Http\ActionDispatcher.php(91): Cake\Http\ControllerFactory->create(Object(Cake\Http\ServerRequest), Object(Cake\Http\Response))
#2 C:\xampp\htdocs\ProyectoInge\vendor\cakephp\cakephp\src\Http\BaseApplication.php(235): Cake\Http\ActionDispatcher->dispatch(Object(Cake\Http\ServerRequest), Object(Cake\Http\Response))
#3 C:\xampp\htdocs\ProyectoInge\vendor\cakephp\cakephp\src\Http\Runner.php(65): Cake\Http\BaseApplication->__invoke(Object(Cake\Http\ServerRequest), Object(Cake\Http\Response), Object(Cake\Http\Runner))
#4 C:\xampp\htdocs\ProyectoInge\vendor\cakephp\cakephp\src\Http\Middleware\CsrfProtectionMiddleware.php(107): Cake\Http\Runner->__invoke(Object(Cake\Http\ServerRequest), Object(Cake\Http\Response))
#5 C:\xampp\htdocs\ProyectoInge\vendor\cakephp\cakephp\src\Http\Runner.php(65): Cake\Http\Middleware\CsrfProtectionMiddleware->__invoke(Object(Cake\Http\ServerRequest), Object(Cake\Http\Response), Object(Cake\Http\Runner))
#6 C:\xampp\htdocs\ProyectoInge\vendor\cakephp\cakephp\src\Routing\Middleware\RoutingMiddleware.php(156): Cake\Http\Runner->__invoke(Object(Cake\Http\ServerRequest), Object(Cake\Http\Response))
#7 C:\xampp\htdocs\ProyectoInge\vendor\cakephp\cakephp\src\Http\Runner.php(65): Cake\Routing\Middleware\RoutingMiddleware->__invoke(Object(Cake\Http\ServerRequest), Object(Cake\Http\Response), Object(Cake\Http\Runner))
#8 C:\xampp\htdocs\ProyectoInge\vendor\cakephp\cakephp\src\Routing\Middleware\AssetMiddleware.php(97): Cake\Http\Runner->__invoke(Object(Cake\Http\ServerRequest), Object(Cake\Http\Response))
#9 C:\xampp\htdocs\ProyectoInge\vendor\cakephp\cakephp\src\Http\Runner.php(65): Cake\Routing\Middleware\AssetMiddleware->__invoke(Object(Cake\Http\ServerRequest), Object(Cake\Http\Response), Object(Cake\Http\Runner))
#10 C:\xampp\htdocs\ProyectoInge\vendor\cakephp\cakephp\src\Error\Middleware\ErrorHandlerMiddleware.php(98): Cake\Http\Runner->__invoke(Object(Cake\Http\ServerRequest), Object(Cake\Http\Response))
#11 C:\xampp\htdocs\ProyectoInge\vendor\cakephp\cakephp\src\Http\Runner.php(65): Cake\Error\Middleware\ErrorHandlerMiddleware->__invoke(Object(Cake\Http\ServerRequest), Object(Cake\Http\Response), Object(Cake\Http\Runner))
#12 C:\xampp\htdocs\ProyectoInge\vendor\cakephp\debug_kit\src\Middleware\DebugKitMiddleware.php(53): Cake\Http\Runner->__invoke(Object(Cake\Http\ServerRequest), Object(Cake\Http\Response))
#13 C:\xampp\htdocs\ProyectoInge\vendor\cakephp\cakephp\src\Http\Runner.php(65): DebugKit\Middleware\DebugKitMiddleware->__invoke(Object(Cake\Http\ServerRequest), Object(Cake\Http\Response), Object(Cake\Http\Runner))
#14 C:\xampp\htdocs\ProyectoInge\vendor\cakephp\cakephp\src\Http\Runner.php(51): Cake\Http\Runner->__invoke(Object(Cake\Http\ServerRequest), Object(Cake\Http\Response))
#15 C:\xampp\htdocs\ProyectoInge\vendor\cakephp\cakephp\src\Http\Server.php(98): Cake\Http\Runner->run(Object(Cake\Http\MiddlewareQueue), Object(Cake\Http\ServerRequest), Object(Cake\Http\Response))
#16 C:\xampp\htdocs\ProyectoInge\webroot\index.php(40): Cake\Http\Server->run()
#17 {main}


2018-10-07 00:52:28 Error: [Cake\Routing\Exception\MissingControllerException] Controller class Images could not be found.
Exception Attributes: array (
  'class' => 'Images',
  'plugin' => false,
  'prefix' => false,
  '_ext' => false,
)
Request URL: /images/sort_both.png
Referer URL: http://localhost/ProyectoInge/css/jquery.dataTables.min.css
Stack Trace:
#0 C:\xampp\htdocs\ProyectoInge\vendor\cakephp\cakephp\src\Http\ControllerFactory.php(39): Cake\Http\ControllerFactory->missingController(Object(Cake\Http\ServerRequest))
#1 C:\xampp\htdocs\ProyectoInge\vendor\cakephp\cakephp\src\Http\ActionDispatcher.php(91): Cake\Http\ControllerFactory->create(Object(Cake\Http\ServerRequest), Object(Cake\Http\Response))
#2 C:\xampp\htdocs\ProyectoInge\vendor\cakephp\cakephp\src\Http\BaseApplication.php(235): Cake\Http\ActionDispatcher->dispatch(Object(Cake\Http\ServerRequest), Object(Cake\Http\Response))
#3 C:\xampp\htdocs\ProyectoInge\vendor\cakephp\cakephp\src\Http\Runner.php(65): Cake\Http\BaseApplication->__invoke(Object(Cake\Http\ServerRequest), Object(Cake\Http\Response), Object(Cake\Http\Runner))
#4 C:\xampp\htdocs\ProyectoInge\vendor\cakephp\cakephp\src\Http\Middleware\CsrfProtectionMiddleware.php(107): Cake\Http\Runner->__invoke(Object(Cake\Http\ServerRequest), Object(Cake\Http\Response))
#5 C:\xampp\htdocs\ProyectoInge\vendor\cakephp\cakephp\src\Http\Runner.php(65): Cake\Http\Middleware\CsrfProtectionMiddleware->__invoke(Object(Cake\Http\ServerRequest), Object(Cake\Http\Response), Object(Cake\Http\Runner))
#6 C:\xampp\htdocs\ProyectoInge\vendor\cakephp\cakephp\src\Routing\Middleware\RoutingMiddleware.php(156): Cake\Http\Runner->__invoke(Object(Cake\Http\ServerRequest), Object(Cake\Http\Response))
#7 C:\xampp\htdocs\ProyectoInge\vendor\cakephp\cakephp\src\Http\Runner.php(65): Cake\Routing\Middleware\RoutingMiddleware->__invoke(Object(Cake\Http\ServerRequest), Object(Cake\Http\Response), Object(Cake\Http\Runner))
#8 C:\xampp\htdocs\ProyectoInge\vendor\cakephp\cakephp\src\Routing\Middleware\AssetMiddleware.php(97): Cake\Http\Runner->__invoke(Object(Cake\Http\ServerRequest), Object(Cake\Http\Response))
#9 C:\xampp\htdocs\ProyectoInge\vendor\cakephp\cakephp\src\Http\Runner.php(65): Cake\Routing\Middleware\AssetMiddleware->__invoke(Object(Cake\Http\ServerRequest), Object(Cake\Http\Response), Object(Cake\Http\Runner))
#10 C:\xampp\htdocs\ProyectoInge\vendor\cakephp\cakephp\src\Error\Middleware\ErrorHandlerMiddleware.php(98): Cake\Http\Runner->__invoke(Object(Cake\Http\ServerRequest), Object(Cake\Http\Response))
#11 C:\xampp\htdocs\ProyectoInge\vendor\cakephp\cakephp\src\Http\Runner.php(65): Cake\Error\Middleware\ErrorHandlerMiddleware->__invoke(Object(Cake\Http\ServerRequest), Object(Cake\Http\Response), Object(Cake\Http\Runner))
#12 C:\xampp\htdocs\ProyectoInge\vendor\cakephp\debug_kit\src\Middleware\DebugKitMiddleware.php(53): Cake\Http\Runner->__invoke(Object(Cake\Http\ServerRequest), Object(Cake\Http\Response))
#13 C:\xampp\htdocs\ProyectoInge\vendor\cakephp\cakephp\src\Http\Runner.php(65): DebugKit\Middleware\DebugKitMiddleware->__invoke(Object(Cake\Http\ServerRequest), Object(Cake\Http\Response), Object(Cake\Http\Runner))
#14 C:\xampp\htdocs\ProyectoInge\vendor\cakephp\cakephp\src\Http\Runner.php(51): Cake\Http\Runner->__invoke(Object(Cake\Http\ServerRequest), Object(Cake\Http\Response))
#15 C:\xampp\htdocs\ProyectoInge\vendor\cakephp\cakephp\src\Http\Server.php(98): Cake\Http\Runner->run(Object(Cake\Http\MiddlewareQueue), Object(Cake\Http\ServerRequest), Object(Cake\Http\Response))
#16 C:\xampp\htdocs\ProyectoInge\webroot\index.php(40): Cake\Http\Server->run()
#17 {main}


2018-10-07 00:52:28 Error: [Cake\Routing\Exception\MissingControllerException] Controller class Images could not be found.
Exception Attributes: array (
  'class' => 'Images',
  'plugin' => false,
  'prefix' => false,
  '_ext' => false,
)
Request URL: /images/sort_asc.png
Referer URL: http://localhost/ProyectoInge/css/jquery.dataTables.min.css
Stack Trace:
#0 C:\xampp\htdocs\ProyectoInge\vendor\cakephp\cakephp\src\Http\ControllerFactory.php(39): Cake\Http\ControllerFactory->missingController(Object(Cake\Http\ServerRequest))
#1 C:\xampp\htdocs\ProyectoInge\vendor\cakephp\cakephp\src\Http\ActionDispatcher.php(91): Cake\Http\ControllerFactory->create(Object(Cake\Http\ServerRequest), Object(Cake\Http\Response))
#2 C:\xampp\htdocs\ProyectoInge\vendor\cakephp\cakephp\src\Http\BaseApplication.php(235): Cake\Http\ActionDispatcher->dispatch(Object(Cake\Http\ServerRequest), Object(Cake\Http\Response))
#3 C:\xampp\htdocs\ProyectoInge\vendor\cakephp\cakephp\src\Http\Runner.php(65): Cake\Http\BaseApplication->__invoke(Object(Cake\Http\ServerRequest), Object(Cake\Http\Response), Object(Cake\Http\Runner))
#4 C:\xampp\htdocs\ProyectoInge\vendor\cakephp\cakephp\src\Http\Middleware\CsrfProtectionMiddleware.php(107): Cake\Http\Runner->__invoke(Object(Cake\Http\ServerRequest), Object(Cake\Http\Response))
#5 C:\xampp\htdocs\ProyectoInge\vendor\cakephp\cakephp\src\Http\Runner.php(65): Cake\Http\Middleware\CsrfProtectionMiddleware->__invoke(Object(Cake\Http\ServerRequest), Object(Cake\Http\Response), Object(Cake\Http\Runner))
#6 C:\xampp\htdocs\ProyectoInge\vendor\cakephp\cakephp\src\Routing\Middleware\RoutingMiddleware.php(156): Cake\Http\Runner->__invoke(Object(Cake\Http\ServerRequest), Object(Cake\Http\Response))
#7 C:\xampp\htdocs\ProyectoInge\vendor\cakephp\cakephp\src\Http\Runner.php(65): Cake\Routing\Middleware\RoutingMiddleware->__invoke(Object(Cake\Http\ServerRequest), Object(Cake\Http\Response), Object(Cake\Http\Runner))
#8 C:\xampp\htdocs\ProyectoInge\vendor\cakephp\cakephp\src\Routing\Middleware\AssetMiddleware.php(97): Cake\Http\Runner->__invoke(Object(Cake\Http\ServerRequest), Object(Cake\Http\Response))
#9 C:\xampp\htdocs\ProyectoInge\vendor\cakephp\cakephp\src\Http\Runner.php(65): Cake\Routing\Middleware\AssetMiddleware->__invoke(Object(Cake\Http\ServerRequest), Object(Cake\Http\Response), Object(Cake\Http\Runner))
#10 C:\xampp\htdocs\ProyectoInge\vendor\cakephp\cakephp\src\Error\Middleware\ErrorHandlerMiddleware.php(98): Cake\Http\Runner->__invoke(Object(Cake\Http\ServerRequest), Object(Cake\Http\Response))
#11 C:\xampp\htdocs\ProyectoInge\vendor\cakephp\cakephp\src\Http\Runner.php(65): Cake\Error\Middleware\ErrorHandlerMiddleware->__invoke(Object(Cake\Http\ServerRequest), Object(Cake\Http\Response), Object(Cake\Http\Runner))
#12 C:\xampp\htdocs\ProyectoInge\vendor\cakephp\debug_kit\src\Middleware\DebugKitMiddleware.php(53): Cake\Http\Runner->__invoke(Object(Cake\Http\ServerRequest), Object(Cake\Http\Response))
#13 C:\xampp\htdocs\ProyectoInge\vendor\cakephp\cakephp\src\Http\Runner.php(65): DebugKit\Middleware\DebugKitMiddleware->__invoke(Object(Cake\Http\ServerRequest), Object(Cake\Http\Response), Object(Cake\Http\Runner))
#14 C:\xampp\htdocs\ProyectoInge\vendor\cakephp\cakephp\src\Http\Runner.php(51): Cake\Http\Runner->__invoke(Object(Cake\Http\ServerRequest), Object(Cake\Http\Response))
#15 C:\xampp\htdocs\ProyectoInge\vendor\cakephp\cakephp\src\Http\Server.php(98): Cake\Http\Runner->run(Object(Cake\Http\MiddlewareQueue), Object(Cake\Http\ServerRequest), Object(Cake\Http\Response))
#16 C:\xampp\htdocs\ProyectoInge\webroot\index.php(40): Cake\Http\Server->run()
#17 {main}


2018-10-07 00:52:32 Error: [Cake\Routing\Exception\MissingControllerException] Controller class Images could not be found.
Exception Attributes: array (
  'class' => 'Images',
  'plugin' => false,
  'prefix' => false,
  '_ext' => false,
)
Request URL: /images/sort_both.png
Referer URL: http://localhost/ProyectoInge/css/jquery.dataTables.min.css
Stack Trace:
#0 C:\xampp\htdocs\ProyectoInge\vendor\cakephp\cakephp\src\Http\ControllerFactory.php(39): Cake\Http\ControllerFactory->missingController(Object(Cake\Http\ServerRequest))
#1 C:\xampp\htdocs\ProyectoInge\vendor\cakephp\cakephp\src\Http\ActionDispatcher.php(91): Cake\Http\ControllerFactory->create(Object(Cake\Http\ServerRequest), Object(Cake\Http\Response))
#2 C:\xampp\htdocs\ProyectoInge\vendor\cakephp\cakephp\src\Http\BaseApplication.php(235): Cake\Http\ActionDispatcher->dispatch(Object(Cake\Http\ServerRequest), Object(Cake\Http\Response))
#3 C:\xampp\htdocs\ProyectoInge\vendor\cakephp\cakephp\src\Http\Runner.php(65): Cake\Http\BaseApplication->__invoke(Object(Cake\Http\ServerRequest), Object(Cake\Http\Response), Object(Cake\Http\Runner))
#4 C:\xampp\htdocs\ProyectoInge\vendor\cakephp\cakephp\src\Http\Middleware\CsrfProtectionMiddleware.php(107): Cake\Http\Runner->__invoke(Object(Cake\Http\ServerRequest), Object(Cake\Http\Response))
#5 C:\xampp\htdocs\ProyectoInge\vendor\cakephp\cakephp\src\Http\Runner.php(65): Cake\Http\Middleware\CsrfProtectionMiddleware->__invoke(Object(Cake\Http\ServerRequest), Object(Cake\Http\Response), Object(Cake\Http\Runner))
#6 C:\xampp\htdocs\ProyectoInge\vendor\cakephp\cakephp\src\Routing\Middleware\RoutingMiddleware.php(156): Cake\Http\Runner->__invoke(Object(Cake\Http\ServerRequest), Object(Cake\Http\Response))
#7 C:\xampp\htdocs\ProyectoInge\vendor\cakephp\cakephp\src\Http\Runner.php(65): Cake\Routing\Middleware\RoutingMiddleware->__invoke(Object(Cake\Http\ServerRequest), Object(Cake\Http\Response), Object(Cake\Http\Runner))
#8 C:\xampp\htdocs\ProyectoInge\vendor\cakephp\cakephp\src\Routing\Middleware\AssetMiddleware.php(97): Cake\Http\Runner->__invoke(Object(Cake\Http\ServerRequest), Object(Cake\Http\Response))
#9 C:\xampp\htdocs\ProyectoInge\vendor\cakephp\cakephp\src\Http\Runner.php(65): Cake\Routing\Middleware\AssetMiddleware->__invoke(Object(Cake\Http\ServerRequest), Object(Cake\Http\Response), Object(Cake\Http\Runner))
#10 C:\xampp\htdocs\ProyectoInge\vendor\cakephp\cakephp\src\Error\Middleware\ErrorHandlerMiddleware.php(98): Cake\Http\Runner->__invoke(Object(Cake\Http\ServerRequest), Object(Cake\Http\Response))
#11 C:\xampp\htdocs\ProyectoInge\vendor\cakephp\cakephp\src\Http\Runner.php(65): Cake\Error\Middleware\ErrorHandlerMiddleware->__invoke(Object(Cake\Http\ServerRequest), Object(Cake\Http\Response), Object(Cake\Http\Runner))
#12 C:\xampp\htdocs\ProyectoInge\vendor\cakephp\debug_kit\src\Middleware\DebugKitMiddleware.php(53): Cake\Http\Runner->__invoke(Object(Cake\Http\ServerRequest), Object(Cake\Http\Response))
#13 C:\xampp\htdocs\ProyectoInge\vendor\cakephp\cakephp\src\Http\Runner.php(65): DebugKit\Middleware\DebugKitMiddleware->__invoke(Object(Cake\Http\ServerRequest), Object(Cake\Http\Response), Object(Cake\Http\Runner))
#14 C:\xampp\htdocs\ProyectoInge\vendor\cakephp\cakephp\src\Http\Runner.php(51): Cake\Http\Runner->__invoke(Object(Cake\Http\ServerRequest), Object(Cake\Http\Response))
#15 C:\xampp\htdocs\ProyectoInge\vendor\cakephp\cakephp\src\Http\Server.php(98): Cake\Http\Runner->run(Object(Cake\Http\MiddlewareQueue), Object(Cake\Http\ServerRequest), Object(Cake\Http\Response))
#16 C:\xampp\htdocs\ProyectoInge\webroot\index.php(40): Cake\Http\Server->run()
#17 {main}


2018-10-07 00:52:32 Error: [Cake\Routing\Exception\MissingControllerException] Controller class Images could not be found.
Exception Attributes: array (
  'class' => 'Images',
  'plugin' => false,
  'prefix' => false,
  '_ext' => false,
)
Request URL: /images/sort_asc.png
Referer URL: http://localhost/ProyectoInge/css/jquery.dataTables.min.css
Stack Trace:
#0 C:\xampp\htdocs\ProyectoInge\vendor\cakephp\cakephp\src\Http\ControllerFactory.php(39): Cake\Http\ControllerFactory->missingController(Object(Cake\Http\ServerRequest))
#1 C:\xampp\htdocs\ProyectoInge\vendor\cakephp\cakephp\src\Http\ActionDispatcher.php(91): Cake\Http\ControllerFactory->create(Object(Cake\Http\ServerRequest), Object(Cake\Http\Response))
#2 C:\xampp\htdocs\ProyectoInge\vendor\cakephp\cakephp\src\Http\BaseApplication.php(235): Cake\Http\ActionDispatcher->dispatch(Object(Cake\Http\ServerRequest), Object(Cake\Http\Response))
#3 C:\xampp\htdocs\ProyectoInge\vendor\cakephp\cakephp\src\Http\Runner.php(65): Cake\Http\BaseApplication->__invoke(Object(Cake\Http\ServerRequest), Object(Cake\Http\Response), Object(Cake\Http\Runner))
#4 C:\xampp\htdocs\ProyectoInge\vendor\cakephp\cakephp\src\Http\Middleware\CsrfProtectionMiddleware.php(107): Cake\Http\Runner->__invoke(Object(Cake\Http\ServerRequest), Object(Cake\Http\Response))
#5 C:\xampp\htdocs\ProyectoInge\vendor\cakephp\cakephp\src\Http\Runner.php(65): Cake\Http\Middleware\CsrfProtectionMiddleware->__invoke(Object(Cake\Http\ServerRequest), Object(Cake\Http\Response), Object(Cake\Http\Runner))
#6 C:\xampp\htdocs\ProyectoInge\vendor\cakephp\cakephp\src\Routing\Middleware\RoutingMiddleware.php(156): Cake\Http\Runner->__invoke(Object(Cake\Http\ServerRequest), Object(Cake\Http\Response))
#7 C:\xampp\htdocs\ProyectoInge\vendor\cakephp\cakephp\src\Http\Runner.php(65): Cake\Routing\Middleware\RoutingMiddleware->__invoke(Object(Cake\Http\ServerRequest), Object(Cake\Http\Response), Object(Cake\Http\Runner))
#8 C:\xampp\htdocs\ProyectoInge\vendor\cakephp\cakephp\src\Routing\Middleware\AssetMiddleware.php(97): Cake\Http\Runner->__invoke(Object(Cake\Http\ServerRequest), Object(Cake\Http\Response))
#9 C:\xampp\htdocs\ProyectoInge\vendor\cakephp\cakephp\src\Http\Runner.php(65): Cake\Routing\Middleware\AssetMiddleware->__invoke(Object(Cake\Http\ServerRequest), Object(Cake\Http\Response), Object(Cake\Http\Runner))
#10 C:\xampp\htdocs\ProyectoInge\vendor\cakephp\cakephp\src\Error\Middleware\ErrorHandlerMiddleware.php(98): Cake\Http\Runner->__invoke(Object(Cake\Http\ServerRequest), Object(Cake\Http\Response))
#11 C:\xampp\htdocs\ProyectoInge\vendor\cakephp\cakephp\src\Http\Runner.php(65): Cake\Error\Middleware\ErrorHandlerMiddleware->__invoke(Object(Cake\Http\ServerRequest), Object(Cake\Http\Response), Object(Cake\Http\Runner))
#12 C:\xampp\htdocs\ProyectoInge\vendor\cakephp\debug_kit\src\Middleware\DebugKitMiddleware.php(53): Cake\Http\Runner->__invoke(Object(Cake\Http\ServerRequest), Object(Cake\Http\Response))
#13 C:\xampp\htdocs\ProyectoInge\vendor\cakephp\cakephp\src\Http\Runner.php(65): DebugKit\Middleware\DebugKitMiddleware->__invoke(Object(Cake\Http\ServerRequest), Object(Cake\Http\Response), Object(Cake\Http\Runner))
#14 C:\xampp\htdocs\ProyectoInge\vendor\cakephp\cakephp\src\Http\Runner.php(51): Cake\Http\Runner->__invoke(Object(Cake\Http\ServerRequest), Object(Cake\Http\Response))
#15 C:\xampp\htdocs\ProyectoInge\vendor\cakephp\cakephp\src\Http\Server.php(98): Cake\Http\Runner->run(Object(Cake\Http\MiddlewareQueue), Object(Cake\Http\ServerRequest), Object(Cake\Http\Response))
#16 C:\xampp\htdocs\ProyectoInge\webroot\index.php(40): Cake\Http\Server->run()
#17 {main}


